{"/home/by/repository/.aq-worktrees/500-test-80/src/server/dashboard-api.ts": {"path":"/home/by/repository/.aq-worktrees/500-test-80/src/server/dashboard-api.ts","all":false,"statementMap":{"0":{"start":{"line":1,"column":0},"end":{"line":1,"column":53}},"1":{"start":{"line":2,"column":0},"end":{"line":2,"column":36}},"2":{"start":{"line":3,"column":0},"end":{"line":3,"column":34}},"3":{"start":{"line":4,"column":0},"end":{"line":4,"column":52}},"4":{"start":{"line":5,"column":0},"end":{"line":5,"column":59}},"5":{"start":{"line":6,"column":0},"end":{"line":6,"column":54}},"6":{"start":{"line":7,"column":0},"end":{"line":7,"column":138}},"7":{"start":{"line":8,"column":0},"end":{"line":8,"column":56}},"8":{"start":{"line":9,"column":0},"end":{"line":9,"column":64}},"9":{"start":{"line":10,"column":0},"end":{"line":10,"column":66}},"10":{"start":{"line":11,"column":0},"end":{"line":11,"column":65}},"11":{"start":{"line":12,"column":0},"end":{"line":12,"column":66}},"12":{"start":{"line":13,"column":0},"end":{"line":13,"column":208}},"13":{"start":{"line":14,"column":0},"end":{"line":14,"column":83}},"14":{"start":{"line":15,"column":0},"end":{"line":15,"column":56}},"15":{"start":{"line":16,"column":0},"end":{"line":16,"column":46}},"16":{"start":{"line":17,"column":0},"end":{"line":17,"column":48}},"17":{"start":{"line":18,"column":0},"end":{"line":18,"column":58}},"18":{"start":{"line":19,"column":0},"end":{"line":19,"column":42}},"19":{"start":{"line":20,"column":0},"end":{"line":20,"column":0}},"20":{"start":{"line":21,"column":0},"end":{"line":21,"column":58}},"21":{"start":{"line":22,"column":0},"end":{"line":22,"column":48}},"22":{"start":{"line":23,"column":0},"end":{"line":23,"column":48}},"23":{"start":{"line":24,"column":0},"end":{"line":24,"column":0}},"24":{"start":{"line":25,"column":0},"end":{"line":25,"column":24}},"25":{"start":{"line":26,"column":0},"end":{"line":26,"column":21}},"26":{"start":{"line":27,"column":0},"end":{"line":27,"column":13}},"27":{"start":{"line":28,"column":0},"end":{"line":28,"column":58}},"28":{"start":{"line":29,"column":0},"end":{"line":29,"column":22}},"29":{"start":{"line":30,"column":0},"end":{"line":30,"column":24}},"30":{"start":{"line":31,"column":0},"end":{"line":31,"column":1}},"31":{"start":{"line":32,"column":0},"end":{"line":32,"column":0}},"32":{"start":{"line":33,"column":0},"end":{"line":33,"column":0}},"33":{"start":{"line":34,"column":0},"end":{"line":34,"column":48}},"34":{"start":{"line":35,"column":0},"end":{"line":35,"column":34}},"35":{"start":{"line":36,"column":0},"end":{"line":36,"column":0}},"36":{"start":{"line":37,"column":0},"end":{"line":37,"column":29}},"37":{"start":{"line":38,"column":0},"end":{"line":38,"column":69}},"38":{"start":{"line":39,"column":0},"end":{"line":39,"column":66}},"39":{"start":{"line":40,"column":0},"end":{"line":40,"column":0}},"40":{"start":{"line":41,"column":0},"end":{"line":41,"column":20}},"41":{"start":{"line":42,"column":0},"end":{"line":42,"column":61}},"42":{"start":{"line":43,"column":0},"end":{"line":43,"column":54}},"43":{"start":{"line":44,"column":0},"end":{"line":44,"column":53}},"44":{"start":{"line":45,"column":0},"end":{"line":45,"column":65}},"45":{"start":{"line":46,"column":0},"end":{"line":46,"column":0}},"46":{"start":{"line":47,"column":0},"end":{"line":47,"column":37}},"47":{"start":{"line":48,"column":0},"end":{"line":48,"column":25}},"48":{"start":{"line":49,"column":0},"end":{"line":49,"column":39}},"49":{"start":{"line":50,"column":0},"end":{"line":50,"column":0}},"50":{"start":{"line":51,"column":0},"end":{"line":51,"column":48}},"51":{"start":{"line":52,"column":0},"end":{"line":52,"column":57}},"52":{"start":{"line":53,"column":0},"end":{"line":53,"column":37}},"53":{"start":{"line":54,"column":0},"end":{"line":54,"column":5}},"54":{"start":{"line":55,"column":0},"end":{"line":55,"column":3}},"55":{"start":{"line":56,"column":0},"end":{"line":56,"column":0}},"56":{"start":{"line":57,"column":0},"end":{"line":57,"column":43}},"57":{"start":{"line":58,"column":0},"end":{"line":58,"column":9}},"58":{"start":{"line":59,"column":0},"end":{"line":59,"column":46}},"59":{"start":{"line":60,"column":0},"end":{"line":60,"column":33}},"60":{"start":{"line":61,"column":0},"end":{"line":61,"column":13}},"61":{"start":{"line":62,"column":0},"end":{"line":62,"column":58}},"62":{"start":{"line":63,"column":0},"end":{"line":63,"column":5}},"63":{"start":{"line":64,"column":0},"end":{"line":64,"column":32}},"64":{"start":{"line":65,"column":0},"end":{"line":65,"column":3}},"65":{"start":{"line":66,"column":0},"end":{"line":66,"column":1}},"66":{"start":{"line":67,"column":0},"end":{"line":67,"column":0}},"67":{"start":{"line":68,"column":0},"end":{"line":68,"column":45}},"68":{"start":{"line":69,"column":0},"end":{"line":69,"column":25}},"69":{"start":{"line":70,"column":0},"end":{"line":70,"column":1}},"70":{"start":{"line":71,"column":0},"end":{"line":71,"column":0}},"71":{"start":{"line":72,"column":0},"end":{"line":72,"column":56}},"72":{"start":{"line":73,"column":0},"end":{"line":73,"column":45}},"73":{"start":{"line":74,"column":0},"end":{"line":74,"column":0}},"74":{"start":{"line":75,"column":0},"end":{"line":75,"column":49}},"75":{"start":{"line":76,"column":0},"end":{"line":76,"column":97}},"76":{"start":{"line":77,"column":0},"end":{"line":77,"column":65}},"77":{"start":{"line":78,"column":0},"end":{"line":78,"column":0}},"78":{"start":{"line":79,"column":0},"end":{"line":79,"column":45}},"79":{"start":{"line":80,"column":0},"end":{"line":80,"column":9}},"80":{"start":{"line":81,"column":0},"end":{"line":81,"column":32}},"81":{"start":{"line":82,"column":0},"end":{"line":82,"column":13}},"82":{"start":{"line":83,"column":0},"end":{"line":83,"column":58}},"83":{"start":{"line":84,"column":0},"end":{"line":84,"column":5}},"84":{"start":{"line":85,"column":0},"end":{"line":85,"column":32}},"85":{"start":{"line":86,"column":0},"end":{"line":86,"column":3}},"86":{"start":{"line":87,"column":0},"end":{"line":87,"column":1}},"87":{"start":{"line":88,"column":0},"end":{"line":88,"column":0}},"88":{"start":{"line":89,"column":0},"end":{"line":89,"column":68}},"89":{"start":{"line":90,"column":0},"end":{"line":90,"column":71}},"90":{"start":{"line":91,"column":0},"end":{"line":91,"column":25}},"91":{"start":{"line":92,"column":0},"end":{"line":92,"column":39}},"92":{"start":{"line":93,"column":0},"end":{"line":93,"column":0}},"93":{"start":{"line":94,"column":0},"end":{"line":94,"column":48}},"94":{"start":{"line":95,"column":0},"end":{"line":95,"column":57}},"95":{"start":{"line":96,"column":0},"end":{"line":96,"column":37}},"96":{"start":{"line":97,"column":0},"end":{"line":97,"column":15}},"97":{"start":{"line":98,"column":0},"end":{"line":98,"column":5}},"98":{"start":{"line":99,"column":0},"end":{"line":99,"column":0}},"99":{"start":{"line":100,"column":0},"end":{"line":100,"column":9}},"100":{"start":{"line":101,"column":0},"end":{"line":101,"column":57}},"101":{"start":{"line":102,"column":0},"end":{"line":102,"column":33}},"102":{"start":{"line":103,"column":0},"end":{"line":103,"column":13}},"103":{"start":{"line":104,"column":0},"end":{"line":104,"column":37}},"104":{"start":{"line":105,"column":0},"end":{"line":105,"column":5}},"105":{"start":{"line":106,"column":0},"end":{"line":106,"column":3}},"106":{"start":{"line":107,"column":0},"end":{"line":107,"column":0}},"107":{"start":{"line":108,"column":0},"end":{"line":108,"column":43}},"108":{"start":{"line":109,"column":0},"end":{"line":109,"column":32}},"109":{"start":{"line":110,"column":0},"end":{"line":110,"column":3}},"110":{"start":{"line":111,"column":0},"end":{"line":111,"column":1}},"111":{"start":{"line":112,"column":0},"end":{"line":112,"column":0}},"112":{"start":{"line":113,"column":0},"end":{"line":113,"column":37}},"113":{"start":{"line":114,"column":0},"end":{"line":114,"column":25}},"114":{"start":{"line":115,"column":0},"end":{"line":115,"column":48}},"115":{"start":{"line":116,"column":0},"end":{"line":116,"column":50}},"116":{"start":{"line":117,"column":0},"end":{"line":117,"column":3}},"117":{"start":{"line":118,"column":0},"end":{"line":118,"column":1}},"118":{"start":{"line":119,"column":0},"end":{"line":119,"column":0}},"119":{"start":{"line":120,"column":0},"end":{"line":120,"column":32}},"120":{"start":{"line":121,"column":0},"end":{"line":121,"column":102}},"121":{"start":{"line":122,"column":0},"end":{"line":122,"column":39}},"122":{"start":{"line":123,"column":0},"end":{"line":123,"column":0}},"123":{"start":{"line":124,"column":0},"end":{"line":124,"column":48}},"124":{"start":{"line":125,"column":0},"end":{"line":125,"column":9}},"125":{"start":{"line":126,"column":0},"end":{"line":126,"column":66}},"126":{"start":{"line":127,"column":0},"end":{"line":127,"column":13}},"127":{"start":{"line":128,"column":0},"end":{"line":128,"column":37}},"128":{"start":{"line":129,"column":0},"end":{"line":129,"column":5}},"129":{"start":{"line":130,"column":0},"end":{"line":130,"column":3}},"130":{"start":{"line":131,"column":0},"end":{"line":131,"column":0}},"131":{"start":{"line":132,"column":0},"end":{"line":132,"column":43}},"132":{"start":{"line":133,"column":0},"end":{"line":133,"column":32}},"133":{"start":{"line":134,"column":0},"end":{"line":134,"column":3}},"134":{"start":{"line":135,"column":0},"end":{"line":135,"column":1}},"135":{"start":{"line":136,"column":0},"end":{"line":136,"column":0}},"136":{"start":{"line":137,"column":0},"end":{"line":137,"column":39}},"137":{"start":{"line":138,"column":0},"end":{"line":138,"column":35}},"138":{"start":{"line":139,"column":0},"end":{"line":139,"column":24}},"139":{"start":{"line":140,"column":0},"end":{"line":140,"column":0}},"140":{"start":{"line":141,"column":0},"end":{"line":141,"column":33}},"141":{"start":{"line":142,"column":0},"end":{"line":142,"column":44}},"142":{"start":{"line":143,"column":0},"end":{"line":143,"column":25}},"143":{"start":{"line":144,"column":0},"end":{"line":144,"column":32}},"144":{"start":{"line":145,"column":0},"end":{"line":145,"column":0}},"145":{"start":{"line":146,"column":0},"end":{"line":146,"column":29}},"146":{"start":{"line":147,"column":0},"end":{"line":147,"column":41}},"147":{"start":{"line":148,"column":0},"end":{"line":148,"column":20}},"148":{"start":{"line":149,"column":0},"end":{"line":149,"column":25}},"149":{"start":{"line":150,"column":0},"end":{"line":150,"column":28}},"150":{"start":{"line":151,"column":0},"end":{"line":151,"column":1}},"151":{"start":{"line":152,"column":0},"end":{"line":152,"column":0}},"152":{"start":{"line":153,"column":0},"end":{"line":153,"column":45}},"153":{"start":{"line":154,"column":0},"end":{"line":154,"column":29}},"154":{"start":{"line":155,"column":0},"end":{"line":155,"column":40}},"155":{"start":{"line":156,"column":0},"end":{"line":156,"column":37}},"156":{"start":{"line":157,"column":0},"end":{"line":157,"column":3}},"157":{"start":{"line":158,"column":0},"end":{"line":158,"column":26}},"158":{"start":{"line":159,"column":0},"end":{"line":159,"column":37}},"159":{"start":{"line":160,"column":0},"end":{"line":160,"column":34}},"160":{"start":{"line":161,"column":0},"end":{"line":161,"column":3}},"161":{"start":{"line":162,"column":0},"end":{"line":162,"column":1}},"162":{"start":{"line":163,"column":0},"end":{"line":163,"column":0}},"163":{"start":{"line":164,"column":0},"end":{"line":164,"column":3}},"164":{"start":{"line":165,"column":0},"end":{"line":165,"column":64}},"165":{"start":{"line":166,"column":0},"end":{"line":166,"column":3}},"166":{"start":{"line":167,"column":0},"end":{"line":167,"column":46}},"167":{"start":{"line":168,"column":0},"end":{"line":168,"column":40}},"168":{"start":{"line":169,"column":0},"end":{"line":169,"column":9}},"169":{"start":{"line":170,"column":0},"end":{"line":170,"column":32}},"170":{"start":{"line":171,"column":0},"end":{"line":171,"column":13}},"171":{"start":{"line":172,"column":0},"end":{"line":172,"column":58}},"172":{"start":{"line":173,"column":0},"end":{"line":173,"column":5}},"173":{"start":{"line":174,"column":0},"end":{"line":174,"column":3}},"174":{"start":{"line":175,"column":0},"end":{"line":175,"column":21}},"175":{"start":{"line":176,"column":0},"end":{"line":176,"column":1}},"176":{"start":{"line":177,"column":0},"end":{"line":177,"column":0}},"177":{"start":{"line":178,"column":0},"end":{"line":178,"column":3}},"178":{"start":{"line":179,"column":0},"end":{"line":179,"column":58}},"179":{"start":{"line":180,"column":0},"end":{"line":180,"column":53}},"180":{"start":{"line":181,"column":0},"end":{"line":181,"column":3}},"181":{"start":{"line":182,"column":0},"end":{"line":182,"column":51}},"182":{"start":{"line":183,"column":0},"end":{"line":183,"column":24}},"183":{"start":{"line":184,"column":0},"end":{"line":184,"column":25}},"184":{"start":{"line":185,"column":0},"end":{"line":185,"column":24}},"185":{"start":{"line":186,"column":0},"end":{"line":186,"column":1}},"186":{"start":{"line":187,"column":0},"end":{"line":187,"column":0}},"187":{"start":{"line":188,"column":0},"end":{"line":188,"column":54}},"188":{"start":{"line":189,"column":0},"end":{"line":189,"column":23}},"189":{"start":{"line":190,"column":0},"end":{"line":190,"column":42}},"190":{"start":{"line":191,"column":0},"end":{"line":191,"column":54}},"191":{"start":{"line":192,"column":0},"end":{"line":192,"column":1}},"192":{"start":{"line":193,"column":0},"end":{"line":193,"column":0}},"193":{"start":{"line":194,"column":0},"end":{"line":194,"column":3}},"194":{"start":{"line":195,"column":0},"end":{"line":195,"column":78}},"195":{"start":{"line":196,"column":0},"end":{"line":196,"column":3}},"196":{"start":{"line":197,"column":0},"end":{"line":197,"column":76}},"197":{"start":{"line":198,"column":0},"end":{"line":198,"column":42}},"198":{"start":{"line":199,"column":0},"end":{"line":199,"column":69}},"199":{"start":{"line":200,"column":0},"end":{"line":200,"column":3}},"200":{"start":{"line":201,"column":0},"end":{"line":201,"column":0}},"201":{"start":{"line":202,"column":0},"end":{"line":202,"column":34}},"202":{"start":{"line":203,"column":0},"end":{"line":203,"column":0}},"203":{"start":{"line":204,"column":0},"end":{"line":204,"column":97}},"204":{"start":{"line":205,"column":0},"end":{"line":205,"column":33}},"205":{"start":{"line":206,"column":0},"end":{"line":206,"column":90}},"206":{"start":{"line":207,"column":0},"end":{"line":207,"column":3}},"207":{"start":{"line":208,"column":0},"end":{"line":208,"column":0}},"208":{"start":{"line":209,"column":0},"end":{"line":209,"column":38}},"209":{"start":{"line":210,"column":0},"end":{"line":210,"column":48}},"210":{"start":{"line":211,"column":0},"end":{"line":211,"column":0}},"211":{"start":{"line":212,"column":0},"end":{"line":212,"column":24}},"212":{"start":{"line":213,"column":0},"end":{"line":213,"column":1}},"213":{"start":{"line":214,"column":0},"end":{"line":214,"column":0}},"214":{"start":{"line":215,"column":0},"end":{"line":215,"column":3}},"215":{"start":{"line":216,"column":0},"end":{"line":216,"column":32}},"216":{"start":{"line":217,"column":0},"end":{"line":217,"column":3}},"217":{"start":{"line":218,"column":0},"end":{"line":218,"column":130}},"218":{"start":{"line":219,"column":0},"end":{"line":219,"column":7}},"219":{"start":{"line":220,"column":0},"end":{"line":220,"column":115}},"220":{"start":{"line":221,"column":0},"end":{"line":221,"column":32}},"221":{"start":{"line":222,"column":0},"end":{"line":222,"column":14}},"222":{"start":{"line":223,"column":0},"end":{"line":223,"column":24}},"223":{"start":{"line":224,"column":0},"end":{"line":224,"column":92}},"224":{"start":{"line":225,"column":0},"end":{"line":225,"column":8}},"225":{"start":{"line":226,"column":0},"end":{"line":226,"column":5}},"226":{"start":{"line":227,"column":0},"end":{"line":227,"column":28}},"227":{"start":{"line":228,"column":0},"end":{"line":228,"column":28}},"228":{"start":{"line":229,"column":0},"end":{"line":229,"column":12}},"229":{"start":{"line":230,"column":0},"end":{"line":230,"column":22}},"230":{"start":{"line":231,"column":0},"end":{"line":231,"column":67}},"231":{"start":{"line":232,"column":0},"end":{"line":232,"column":6}},"232":{"start":{"line":233,"column":0},"end":{"line":233,"column":3}},"233":{"start":{"line":234,"column":0},"end":{"line":234,"column":1}},"234":{"start":{"line":235,"column":0},"end":{"line":235,"column":0}},"235":{"start":{"line":236,"column":0},"end":{"line":236,"column":107}},"236":{"start":{"line":237,"column":0},"end":{"line":237,"column":7}},"237":{"start":{"line":238,"column":0},"end":{"line":238,"column":35}},"238":{"start":{"line":239,"column":0},"end":{"line":239,"column":73}},"239":{"start":{"line":240,"column":0},"end":{"line":240,"column":5}},"240":{"start":{"line":241,"column":0},"end":{"line":241,"column":0}},"241":{"start":{"line":242,"column":0},"end":{"line":242,"column":40}},"242":{"start":{"line":243,"column":0},"end":{"line":243,"column":31}},"243":{"start":{"line":244,"column":0},"end":{"line":244,"column":77}},"244":{"start":{"line":245,"column":0},"end":{"line":245,"column":5}},"245":{"start":{"line":246,"column":0},"end":{"line":246,"column":0}},"246":{"start":{"line":247,"column":0},"end":{"line":247,"column":28}},"247":{"start":{"line":248,"column":0},"end":{"line":248,"column":28}},"248":{"start":{"line":249,"column":0},"end":{"line":249,"column":12}},"249":{"start":{"line":250,"column":0},"end":{"line":250,"column":22}},"250":{"start":{"line":251,"column":0},"end":{"line":251,"column":67}},"251":{"start":{"line":252,"column":0},"end":{"line":252,"column":6}},"252":{"start":{"line":253,"column":0},"end":{"line":253,"column":3}},"253":{"start":{"line":254,"column":0},"end":{"line":254,"column":1}},"254":{"start":{"line":255,"column":0},"end":{"line":255,"column":0}},"255":{"start":{"line":256,"column":0},"end":{"line":256,"column":139}},"256":{"start":{"line":257,"column":0},"end":{"line":257,"column":7}},"257":{"start":{"line":258,"column":0},"end":{"line":258,"column":79}},"258":{"start":{"line":259,"column":0},"end":{"line":259,"column":32}},"259":{"start":{"line":260,"column":0},"end":{"line":260,"column":74}},"260":{"start":{"line":261,"column":0},"end":{"line":261,"column":5}},"261":{"start":{"line":262,"column":0},"end":{"line":262,"column":0}},"262":{"start":{"line":263,"column":0},"end":{"line":263,"column":51}},"263":{"start":{"line":264,"column":0},"end":{"line":264,"column":27}},"264":{"start":{"line":265,"column":0},"end":{"line":265,"column":81}},"265":{"start":{"line":266,"column":0},"end":{"line":266,"column":5}},"266":{"start":{"line":267,"column":0},"end":{"line":267,"column":0}},"267":{"start":{"line":268,"column":0},"end":{"line":268,"column":40}},"268":{"start":{"line":269,"column":0},"end":{"line":269,"column":52}},"269":{"start":{"line":270,"column":0},"end":{"line":270,"column":0}},"270":{"start":{"line":271,"column":0},"end":{"line":271,"column":26}},"271":{"start":{"line":272,"column":0},"end":{"line":272,"column":86}},"272":{"start":{"line":273,"column":0},"end":{"line":273,"column":65}},"273":{"start":{"line":274,"column":0},"end":{"line":274,"column":92}},"274":{"start":{"line":275,"column":0},"end":{"line":275,"column":5}},"275":{"start":{"line":276,"column":0},"end":{"line":276,"column":0}},"276":{"start":{"line":277,"column":0},"end":{"line":277,"column":50}},"277":{"start":{"line":278,"column":0},"end":{"line":278,"column":28}},"278":{"start":{"line":279,"column":0},"end":{"line":279,"column":12}},"279":{"start":{"line":280,"column":0},"end":{"line":280,"column":24}},"280":{"start":{"line":281,"column":0},"end":{"line":281,"column":67}},"281":{"start":{"line":282,"column":0},"end":{"line":282,"column":6}},"282":{"start":{"line":283,"column":0},"end":{"line":283,"column":3}},"283":{"start":{"line":284,"column":0},"end":{"line":284,"column":1}},"284":{"start":{"line":285,"column":0},"end":{"line":285,"column":0}},"285":{"start":{"line":286,"column":0},"end":{"line":286,"column":122}},"286":{"start":{"line":287,"column":0},"end":{"line":287,"column":7}},"287":{"start":{"line":288,"column":0},"end":{"line":288,"column":35}},"288":{"start":{"line":289,"column":0},"end":{"line":289,"column":65}},"289":{"start":{"line":290,"column":0},"end":{"line":290,"column":39}},"290":{"start":{"line":291,"column":0},"end":{"line":291,"column":69}},"291":{"start":{"line":292,"column":0},"end":{"line":292,"column":5}},"292":{"start":{"line":293,"column":0},"end":{"line":293,"column":0}},"293":{"start":{"line":294,"column":0},"end":{"line":294,"column":35}},"294":{"start":{"line":295,"column":0},"end":{"line":295,"column":65}},"295":{"start":{"line":296,"column":0},"end":{"line":296,"column":39}},"296":{"start":{"line":297,"column":0},"end":{"line":297,"column":92}},"297":{"start":{"line":298,"column":0},"end":{"line":298,"column":5}},"298":{"start":{"line":299,"column":0},"end":{"line":299,"column":0}},"299":{"start":{"line":300,"column":0},"end":{"line":300,"column":28}},"300":{"start":{"line":301,"column":0},"end":{"line":301,"column":28}},"301":{"start":{"line":302,"column":0},"end":{"line":302,"column":12}},"302":{"start":{"line":303,"column":0},"end":{"line":303,"column":22}},"303":{"start":{"line":304,"column":0},"end":{"line":304,"column":69}},"304":{"start":{"line":305,"column":0},"end":{"line":305,"column":6}},"305":{"start":{"line":306,"column":0},"end":{"line":306,"column":3}},"306":{"start":{"line":307,"column":0},"end":{"line":307,"column":1}},"307":{"start":{"line":308,"column":0},"end":{"line":308,"column":0}},"308":{"start":{"line":309,"column":0},"end":{"line":309,"column":3}},"309":{"start":{"line":310,"column":0},"end":{"line":310,"column":62}},"310":{"start":{"line":311,"column":0},"end":{"line":311,"column":3}},"311":{"start":{"line":312,"column":0},"end":{"line":312,"column":101}},"312":{"start":{"line":313,"column":0},"end":{"line":313,"column":29}},"313":{"start":{"line":314,"column":0},"end":{"line":314,"column":0}},"314":{"start":{"line":315,"column":0},"end":{"line":315,"column":32}},"315":{"start":{"line":316,"column":0},"end":{"line":316,"column":72}},"316":{"start":{"line":317,"column":0},"end":{"line":317,"column":56}},"317":{"start":{"line":318,"column":0},"end":{"line":318,"column":108}},"318":{"start":{"line":319,"column":0},"end":{"line":319,"column":3}},"319":{"start":{"line":320,"column":0},"end":{"line":320,"column":0}},"320":{"start":{"line":321,"column":0},"end":{"line":321,"column":24}},"321":{"start":{"line":322,"column":0},"end":{"line":322,"column":66}},"322":{"start":{"line":323,"column":0},"end":{"line":323,"column":50}},"323":{"start":{"line":324,"column":0},"end":{"line":324,"column":100}},"324":{"start":{"line":325,"column":0},"end":{"line":325,"column":3}},"325":{"start":{"line":326,"column":0},"end":{"line":326,"column":0}},"326":{"start":{"line":327,"column":0},"end":{"line":327,"column":42}},"327":{"start":{"line":328,"column":0},"end":{"line":328,"column":100}},"328":{"start":{"line":329,"column":0},"end":{"line":329,"column":100}},"329":{"start":{"line":330,"column":0},"end":{"line":330,"column":0}},"330":{"start":{"line":331,"column":0},"end":{"line":331,"column":47}},"331":{"start":{"line":332,"column":0},"end":{"line":332,"column":51}},"332":{"start":{"line":333,"column":0},"end":{"line":333,"column":32}},"333":{"start":{"line":334,"column":0},"end":{"line":334,"column":50}},"334":{"start":{"line":335,"column":0},"end":{"line":335,"column":118}},"335":{"start":{"line":336,"column":0},"end":{"line":336,"column":5}},"336":{"start":{"line":337,"column":0},"end":{"line":337,"column":3}},"337":{"start":{"line":338,"column":0},"end":{"line":338,"column":0}},"338":{"start":{"line":339,"column":0},"end":{"line":339,"column":61}},"339":{"start":{"line":340,"column":0},"end":{"line":340,"column":37}},"340":{"start":{"line":341,"column":0},"end":{"line":341,"column":33}},"341":{"start":{"line":342,"column":0},"end":{"line":342,"column":46}},"342":{"start":{"line":343,"column":0},"end":{"line":343,"column":97}},"343":{"start":{"line":344,"column":0},"end":{"line":344,"column":5}},"344":{"start":{"line":345,"column":0},"end":{"line":345,"column":3}},"345":{"start":{"line":346,"column":0},"end":{"line":346,"column":1}},"346":{"start":{"line":347,"column":0},"end":{"line":347,"column":0}},"347":{"start":{"line":348,"column":0},"end":{"line":348,"column":3}},"348":{"start":{"line":349,"column":0},"end":{"line":349,"column":32}},"349":{"start":{"line":350,"column":0},"end":{"line":350,"column":82}},"350":{"start":{"line":351,"column":0},"end":{"line":351,"column":83}},"351":{"start":{"line":352,"column":0},"end":{"line":352,"column":90}},"352":{"start":{"line":353,"column":0},"end":{"line":353,"column":66}},"353":{"start":{"line":354,"column":0},"end":{"line":354,"column":3}},"354":{"start":{"line":355,"column":0},"end":{"line":355,"column":127}},"355":{"start":{"line":356,"column":0},"end":{"line":356,"column":25}},"356":{"start":{"line":357,"column":0},"end":{"line":357,"column":0}},"357":{"start":{"line":358,"column":0},"end":{"line":358,"column":58}},"358":{"start":{"line":359,"column":0},"end":{"line":359,"column":40}},"359":{"start":{"line":360,"column":0},"end":{"line":360,"column":61}},"360":{"start":{"line":361,"column":0},"end":{"line":361,"column":5}},"361":{"start":{"line":362,"column":0},"end":{"line":362,"column":0}},"362":{"start":{"line":363,"column":0},"end":{"line":363,"column":40}},"363":{"start":{"line":364,"column":0},"end":{"line":364,"column":61}},"364":{"start":{"line":365,"column":0},"end":{"line":365,"column":5}},"365":{"start":{"line":366,"column":0},"end":{"line":366,"column":0}},"366":{"start":{"line":367,"column":0},"end":{"line":367,"column":40}},"367":{"start":{"line":368,"column":0},"end":{"line":368,"column":61}},"368":{"start":{"line":369,"column":0},"end":{"line":369,"column":5}},"369":{"start":{"line":370,"column":0},"end":{"line":370,"column":0}},"370":{"start":{"line":371,"column":0},"end":{"line":371,"column":15}},"371":{"start":{"line":372,"column":0},"end":{"line":372,"column":75}},"372":{"start":{"line":373,"column":0},"end":{"line":373,"column":34}},"373":{"start":{"line":374,"column":0},"end":{"line":374,"column":49}},"374":{"start":{"line":375,"column":0},"end":{"line":375,"column":49}},"375":{"start":{"line":376,"column":0},"end":{"line":376,"column":54}},"376":{"start":{"line":377,"column":0},"end":{"line":377,"column":7}},"377":{"start":{"line":378,"column":0},"end":{"line":378,"column":27}},"378":{"start":{"line":379,"column":0},"end":{"line":379,"column":33}},"379":{"start":{"line":380,"column":0},"end":{"line":380,"column":60}},"380":{"start":{"line":381,"column":0},"end":{"line":381,"column":58}},"381":{"start":{"line":382,"column":0},"end":{"line":382,"column":7}},"382":{"start":{"line":383,"column":0},"end":{"line":383,"column":0}},"383":{"start":{"line":384,"column":0},"end":{"line":384,"column":79}},"384":{"start":{"line":385,"column":0},"end":{"line":385,"column":58}},"385":{"start":{"line":386,"column":0},"end":{"line":386,"column":49}},"386":{"start":{"line":387,"column":0},"end":{"line":387,"column":49}},"387":{"start":{"line":388,"column":0},"end":{"line":388,"column":54}},"388":{"start":{"line":389,"column":0},"end":{"line":389,"column":7}},"389":{"start":{"line":390,"column":0},"end":{"line":390,"column":19}},"390":{"start":{"line":391,"column":0},"end":{"line":391,"column":6}},"391":{"start":{"line":392,"column":0},"end":{"line":392,"column":0}},"392":{"start":{"line":393,"column":0},"end":{"line":393,"column":37}},"393":{"start":{"line":394,"column":0},"end":{"line":394,"column":39}},"394":{"start":{"line":395,"column":0},"end":{"line":395,"column":38}},"395":{"start":{"line":396,"column":0},"end":{"line":396,"column":44}},"396":{"start":{"line":397,"column":0},"end":{"line":397,"column":39}},"397":{"start":{"line":398,"column":0},"end":{"line":398,"column":41}},"398":{"start":{"line":399,"column":0},"end":{"line":399,"column":43}},"399":{"start":{"line":400,"column":0},"end":{"line":400,"column":40}},"400":{"start":{"line":401,"column":0},"end":{"line":401,"column":39}},"401":{"start":{"line":402,"column":0},"end":{"line":402,"column":39}},"402":{"start":{"line":403,"column":0},"end":{"line":403,"column":0}},"403":{"start":{"line":404,"column":0},"end":{"line":404,"column":75}},"404":{"start":{"line":405,"column":0},"end":{"line":405,"column":60}},"405":{"start":{"line":406,"column":0},"end":{"line":406,"column":41}},"406":{"start":{"line":407,"column":0},"end":{"line":407,"column":50}},"407":{"start":{"line":408,"column":0},"end":{"line":408,"column":54}},"408":{"start":{"line":409,"column":0},"end":{"line":409,"column":7}},"409":{"start":{"line":410,"column":0},"end":{"line":410,"column":19}},"410":{"start":{"line":411,"column":0},"end":{"line":411,"column":6}},"411":{"start":{"line":412,"column":0},"end":{"line":412,"column":0}},"412":{"start":{"line":413,"column":0},"end":{"line":413,"column":41}},"413":{"start":{"line":414,"column":0},"end":{"line":414,"column":55}},"414":{"start":{"line":415,"column":0},"end":{"line":415,"column":3}},"415":{"start":{"line":416,"column":0},"end":{"line":416,"column":0}},"416":{"start":{"line":417,"column":0},"end":{"line":417,"column":44}},"417":{"start":{"line":418,"column":0},"end":{"line":418,"column":33}},"418":{"start":{"line":419,"column":0},"end":{"line":419,"column":9}},"419":{"start":{"line":420,"column":0},"end":{"line":420,"column":40}},"420":{"start":{"line":421,"column":0},"end":{"line":421,"column":45}},"421":{"start":{"line":422,"column":0},"end":{"line":422,"column":55}},"422":{"start":{"line":423,"column":0},"end":{"line":423,"column":46}},"423":{"start":{"line":424,"column":0},"end":{"line":424,"column":30}},"424":{"start":{"line":425,"column":0},"end":{"line":425,"column":79}},"425":{"start":{"line":426,"column":0},"end":{"line":426,"column":80}},"426":{"start":{"line":427,"column":0},"end":{"line":427,"column":5}},"427":{"start":{"line":428,"column":0},"end":{"line":428,"column":5}},"428":{"start":{"line":429,"column":0},"end":{"line":429,"column":0}},"429":{"start":{"line":430,"column":0},"end":{"line":430,"column":53}},"430":{"start":{"line":431,"column":0},"end":{"line":431,"column":61}},"431":{"start":{"line":432,"column":0},"end":{"line":432,"column":0}},"432":{"start":{"line":433,"column":0},"end":{"line":433,"column":36}},"433":{"start":{"line":434,"column":0},"end":{"line":434,"column":49}},"434":{"start":{"line":435,"column":0},"end":{"line":435,"column":0}},"435":{"start":{"line":436,"column":0},"end":{"line":436,"column":25}},"436":{"start":{"line":437,"column":0},"end":{"line":437,"column":39}},"437":{"start":{"line":438,"column":0},"end":{"line":438,"column":9}},"438":{"start":{"line":439,"column":0},"end":{"line":439,"column":38}},"439":{"start":{"line":440,"column":0},"end":{"line":440,"column":0}},"440":{"start":{"line":441,"column":0},"end":{"line":441,"column":19}},"441":{"start":{"line":442,"column":0},"end":{"line":442,"column":68}},"442":{"start":{"line":443,"column":0},"end":{"line":443,"column":33}},"443":{"start":{"line":444,"column":0},"end":{"line":444,"column":23}},"444":{"start":{"line":445,"column":0},"end":{"line":445,"column":40}},"445":{"start":{"line":446,"column":0},"end":{"line":446,"column":36}},"446":{"start":{"line":447,"column":0},"end":{"line":447,"column":16}},"447":{"start":{"line":448,"column":0},"end":{"line":448,"column":7}},"448":{"start":{"line":449,"column":0},"end":{"line":449,"column":0}},"449":{"start":{"line":450,"column":0},"end":{"line":450,"column":34}},"450":{"start":{"line":451,"column":0},"end":{"line":451,"column":88}},"451":{"start":{"line":452,"column":0},"end":{"line":452,"column":53}},"452":{"start":{"line":453,"column":0},"end":{"line":453,"column":104}},"453":{"start":{"line":454,"column":0},"end":{"line":454,"column":45}},"454":{"start":{"line":455,"column":0},"end":{"line":455,"column":56}},"455":{"start":{"line":456,"column":0},"end":{"line":456,"column":14}},"456":{"start":{"line":457,"column":0},"end":{"line":457,"column":53}},"457":{"start":{"line":458,"column":0},"end":{"line":458,"column":117}},"458":{"start":{"line":459,"column":0},"end":{"line":459,"column":19}},"459":{"start":{"line":460,"column":0},"end":{"line":460,"column":45}},"460":{"start":{"line":461,"column":0},"end":{"line":461,"column":29}},"461":{"start":{"line":462,"column":0},"end":{"line":462,"column":0}},"462":{"start":{"line":463,"column":0},"end":{"line":463,"column":54}},"463":{"start":{"line":464,"column":0},"end":{"line":464,"column":0}},"464":{"start":{"line":465,"column":0},"end":{"line":465,"column":60}},"465":{"start":{"line":466,"column":0},"end":{"line":466,"column":26}},"466":{"start":{"line":467,"column":0},"end":{"line":467,"column":13}},"467":{"start":{"line":468,"column":0},"end":{"line":468,"column":56}},"468":{"start":{"line":469,"column":0},"end":{"line":469,"column":52}},"469":{"start":{"line":470,"column":0},"end":{"line":470,"column":0}},"470":{"start":{"line":471,"column":0},"end":{"line":471,"column":61}},"471":{"start":{"line":472,"column":0},"end":{"line":472,"column":56}},"472":{"start":{"line":473,"column":0},"end":{"line":473,"column":64}},"473":{"start":{"line":474,"column":0},"end":{"line":474,"column":11}},"474":{"start":{"line":475,"column":0},"end":{"line":475,"column":53}},"475":{"start":{"line":476,"column":0},"end":{"line":476,"column":58}},"476":{"start":{"line":477,"column":0},"end":{"line":477,"column":11}},"477":{"start":{"line":478,"column":0},"end":{"line":478,"column":0}},"478":{"start":{"line":479,"column":0},"end":{"line":479,"column":51}},"479":{"start":{"line":480,"column":0},"end":{"line":480,"column":50}},"480":{"start":{"line":481,"column":0},"end":{"line":481,"column":26}},"481":{"start":{"line":482,"column":0},"end":{"line":482,"column":47}},"482":{"start":{"line":483,"column":0},"end":{"line":483,"column":13}},"483":{"start":{"line":484,"column":0},"end":{"line":484,"column":41}},"484":{"start":{"line":485,"column":0},"end":{"line":485,"column":69}},"485":{"start":{"line":486,"column":0},"end":{"line":486,"column":37}},"486":{"start":{"line":487,"column":0},"end":{"line":487,"column":96}},"487":{"start":{"line":488,"column":0},"end":{"line":488,"column":75}},"488":{"start":{"line":489,"column":0},"end":{"line":489,"column":9}},"489":{"start":{"line":490,"column":0},"end":{"line":490,"column":7}},"490":{"start":{"line":491,"column":0},"end":{"line":491,"column":0}},"491":{"start":{"line":492,"column":0},"end":{"line":492,"column":86}},"492":{"start":{"line":493,"column":0},"end":{"line":493,"column":30}},"493":{"start":{"line":494,"column":0},"end":{"line":494,"column":79}},"494":{"start":{"line":495,"column":0},"end":{"line":495,"column":127}},"495":{"start":{"line":496,"column":0},"end":{"line":496,"column":51}},"496":{"start":{"line":497,"column":0},"end":{"line":497,"column":110}},"497":{"start":{"line":498,"column":0},"end":{"line":498,"column":64}},"498":{"start":{"line":499,"column":0},"end":{"line":499,"column":5}},"499":{"start":{"line":500,"column":0},"end":{"line":500,"column":5}},"500":{"start":{"line":501,"column":0},"end":{"line":501,"column":0}},"501":{"start":{"line":502,"column":0},"end":{"line":502,"column":22}},"502":{"start":{"line":503,"column":0},"end":{"line":503,"column":35}},"503":{"start":{"line":504,"column":0},"end":{"line":504,"column":9}},"504":{"start":{"line":505,"column":0},"end":{"line":505,"column":40}},"505":{"start":{"line":506,"column":0},"end":{"line":506,"column":45}},"506":{"start":{"line":507,"column":0},"end":{"line":507,"column":0}},"507":{"start":{"line":508,"column":0},"end":{"line":508,"column":61}},"508":{"start":{"line":509,"column":0},"end":{"line":509,"column":40}},"509":{"start":{"line":510,"column":0},"end":{"line":510,"column":7}},"510":{"start":{"line":511,"column":0},"end":{"line":511,"column":0}},"511":{"start":{"line":512,"column":0},"end":{"line":512,"column":51}},"512":{"start":{"line":513,"column":0},"end":{"line":513,"column":30}},"513":{"start":{"line":514,"column":0},"end":{"line":514,"column":33}},"514":{"start":{"line":515,"column":0},"end":{"line":515,"column":73}},"515":{"start":{"line":516,"column":0},"end":{"line":516,"column":63}},"516":{"start":{"line":517,"column":0},"end":{"line":517,"column":5}},"517":{"start":{"line":518,"column":0},"end":{"line":518,"column":5}},"518":{"start":{"line":519,"column":0},"end":{"line":519,"column":0}},"519":{"start":{"line":520,"column":0},"end":{"line":520,"column":33}},"520":{"start":{"line":521,"column":0},"end":{"line":521,"column":42}},"521":{"start":{"line":522,"column":0},"end":{"line":522,"column":9}},"522":{"start":{"line":523,"column":0},"end":{"line":523,"column":38}},"523":{"start":{"line":524,"column":0},"end":{"line":524,"column":0}},"524":{"start":{"line":525,"column":0},"end":{"line":525,"column":19}},"525":{"start":{"line":526,"column":0},"end":{"line":526,"column":69}},"526":{"start":{"line":527,"column":0},"end":{"line":527,"column":33}},"527":{"start":{"line":528,"column":0},"end":{"line":528,"column":23}},"528":{"start":{"line":529,"column":0},"end":{"line":529,"column":40}},"529":{"start":{"line":530,"column":0},"end":{"line":530,"column":36}},"530":{"start":{"line":531,"column":0},"end":{"line":531,"column":16}},"531":{"start":{"line":532,"column":0},"end":{"line":532,"column":7}},"532":{"start":{"line":533,"column":0},"end":{"line":533,"column":0}},"533":{"start":{"line":534,"column":0},"end":{"line":534,"column":64}},"534":{"start":{"line":535,"column":0},"end":{"line":535,"column":0}},"535":{"start":{"line":536,"column":0},"end":{"line":536,"column":36}},"536":{"start":{"line":537,"column":0},"end":{"line":537,"column":33}},"537":{"start":{"line":538,"column":0},"end":{"line":538,"column":11}},"538":{"start":{"line":539,"column":0},"end":{"line":539,"column":64}},"539":{"start":{"line":540,"column":0},"end":{"line":540,"column":32}},"540":{"start":{"line":541,"column":0},"end":{"line":541,"column":80}},"541":{"start":{"line":542,"column":0},"end":{"line":542,"column":47}},"542":{"start":{"line":543,"column":0},"end":{"line":543,"column":7}},"543":{"start":{"line":544,"column":0},"end":{"line":544,"column":0}},"544":{"start":{"line":545,"column":0},"end":{"line":545,"column":38}},"545":{"start":{"line":546,"column":0},"end":{"line":546,"column":26}},"546":{"start":{"line":547,"column":0},"end":{"line":547,"column":29}},"547":{"start":{"line":548,"column":0},"end":{"line":548,"column":52}},"548":{"start":{"line":549,"column":0},"end":{"line":549,"column":13}},"549":{"start":{"line":550,"column":0},"end":{"line":550,"column":8}},"550":{"start":{"line":551,"column":0},"end":{"line":551,"column":0}},"551":{"start":{"line":552,"column":0},"end":{"line":552,"column":11}},"552":{"start":{"line":553,"column":0},"end":{"line":553,"column":54}},"553":{"start":{"line":554,"column":0},"end":{"line":554,"column":73}},"554":{"start":{"line":555,"column":0},"end":{"line":555,"column":84}},"555":{"start":{"line":556,"column":0},"end":{"line":556,"column":9}},"556":{"start":{"line":557,"column":0},"end":{"line":557,"column":32}},"557":{"start":{"line":558,"column":0},"end":{"line":558,"column":44}},"558":{"start":{"line":559,"column":0},"end":{"line":559,"column":7}},"559":{"start":{"line":560,"column":0},"end":{"line":560,"column":0}},"560":{"start":{"line":561,"column":0},"end":{"line":561,"column":46}},"561":{"start":{"line":562,"column":0},"end":{"line":562,"column":0}},"562":{"start":{"line":563,"column":0},"end":{"line":563,"column":11}},"563":{"start":{"line":564,"column":0},"end":{"line":564,"column":48}},"564":{"start":{"line":565,"column":0},"end":{"line":565,"column":32}},"565":{"start":{"line":566,"column":0},"end":{"line":566,"column":100}},"566":{"start":{"line":567,"column":0},"end":{"line":567,"column":7}},"567":{"start":{"line":568,"column":0},"end":{"line":568,"column":0}},"568":{"start":{"line":569,"column":0},"end":{"line":569,"column":21}},"569":{"start":{"line":570,"column":0},"end":{"line":570,"column":46}},"570":{"start":{"line":571,"column":0},"end":{"line":571,"column":15}},"571":{"start":{"line":572,"column":0},"end":{"line":572,"column":14}},"572":{"start":{"line":573,"column":0},"end":{"line":573,"column":30}},"573":{"start":{"line":574,"column":0},"end":{"line":574,"column":88}},"574":{"start":{"line":575,"column":0},"end":{"line":575,"column":5}},"575":{"start":{"line":576,"column":0},"end":{"line":576,"column":5}},"576":{"start":{"line":577,"column":0},"end":{"line":577,"column":0}},"577":{"start":{"line":578,"column":0},"end":{"line":578,"column":38}},"578":{"start":{"line":579,"column":0},"end":{"line":579,"column":44}},"579":{"start":{"line":580,"column":0},"end":{"line":580,"column":9}},"580":{"start":{"line":581,"column":0},"end":{"line":581,"column":59}},"581":{"start":{"line":582,"column":0},"end":{"line":582,"column":0}},"582":{"start":{"line":583,"column":0},"end":{"line":583,"column":40}},"583":{"start":{"line":584,"column":0},"end":{"line":584,"column":68}},"584":{"start":{"line":585,"column":0},"end":{"line":585,"column":7}},"585":{"start":{"line":586,"column":0},"end":{"line":586,"column":0}},"586":{"start":{"line":587,"column":0},"end":{"line":587,"column":11}},"587":{"start":{"line":588,"column":0},"end":{"line":588,"column":54}},"588":{"start":{"line":589,"column":0},"end":{"line":589,"column":66}},"589":{"start":{"line":590,"column":0},"end":{"line":590,"column":71}},"590":{"start":{"line":591,"column":0},"end":{"line":591,"column":9}},"591":{"start":{"line":592,"column":0},"end":{"line":592,"column":32}},"592":{"start":{"line":593,"column":0},"end":{"line":593,"column":97}},"593":{"start":{"line":594,"column":0},"end":{"line":594,"column":7}},"594":{"start":{"line":595,"column":0},"end":{"line":595,"column":0}},"595":{"start":{"line":596,"column":0},"end":{"line":596,"column":48}},"596":{"start":{"line":597,"column":0},"end":{"line":597,"column":0}},"597":{"start":{"line":598,"column":0},"end":{"line":598,"column":11}},"598":{"start":{"line":599,"column":0},"end":{"line":599,"column":48}},"599":{"start":{"line":600,"column":0},"end":{"line":600,"column":32}},"600":{"start":{"line":601,"column":0},"end":{"line":601,"column":100}},"601":{"start":{"line":602,"column":0},"end":{"line":602,"column":7}},"602":{"start":{"line":603,"column":0},"end":{"line":603,"column":0}},"603":{"start":{"line":604,"column":0},"end":{"line":604,"column":21}},"604":{"start":{"line":605,"column":0},"end":{"line":605,"column":48}},"605":{"start":{"line":606,"column":0},"end":{"line":606,"column":12}},"606":{"start":{"line":607,"column":0},"end":{"line":607,"column":9}},"607":{"start":{"line":608,"column":0},"end":{"line":608,"column":30}},"608":{"start":{"line":609,"column":0},"end":{"line":609,"column":91}},"609":{"start":{"line":610,"column":0},"end":{"line":610,"column":5}},"610":{"start":{"line":611,"column":0},"end":{"line":611,"column":5}},"611":{"start":{"line":612,"column":0},"end":{"line":612,"column":0}},"612":{"start":{"line":613,"column":0},"end":{"line":613,"column":36}},"613":{"start":{"line":614,"column":0},"end":{"line":614,"column":47}},"614":{"start":{"line":615,"column":0},"end":{"line":615,"column":9}},"615":{"start":{"line":616,"column":0},"end":{"line":616,"column":59}},"616":{"start":{"line":617,"column":0},"end":{"line":617,"column":0}},"617":{"start":{"line":618,"column":0},"end":{"line":618,"column":40}},"618":{"start":{"line":619,"column":0},"end":{"line":619,"column":68}},"619":{"start":{"line":620,"column":0},"end":{"line":620,"column":7}},"620":{"start":{"line":621,"column":0},"end":{"line":621,"column":0}},"621":{"start":{"line":622,"column":0},"end":{"line":622,"column":38}},"622":{"start":{"line":623,"column":0},"end":{"line":623,"column":0}},"623":{"start":{"line":624,"column":0},"end":{"line":624,"column":46}},"624":{"start":{"line":625,"column":0},"end":{"line":625,"column":62}},"625":{"start":{"line":626,"column":0},"end":{"line":626,"column":7}},"626":{"start":{"line":627,"column":0},"end":{"line":627,"column":0}},"627":{"start":{"line":628,"column":0},"end":{"line":628,"column":37}},"628":{"start":{"line":629,"column":0},"end":{"line":629,"column":11}},"629":{"start":{"line":630,"column":0},"end":{"line":630,"column":54}},"630":{"start":{"line":631,"column":0},"end":{"line":631,"column":66}},"631":{"start":{"line":632,"column":0},"end":{"line":632,"column":71}},"632":{"start":{"line":633,"column":0},"end":{"line":633,"column":9}},"633":{"start":{"line":634,"column":0},"end":{"line":634,"column":32}},"634":{"start":{"line":635,"column":0},"end":{"line":635,"column":97}},"635":{"start":{"line":636,"column":0},"end":{"line":636,"column":7}},"636":{"start":{"line":637,"column":0},"end":{"line":637,"column":0}},"637":{"start":{"line":638,"column":0},"end":{"line":638,"column":36}},"638":{"start":{"line":639,"column":0},"end":{"line":639,"column":46}},"639":{"start":{"line":640,"column":0},"end":{"line":640,"column":87}},"640":{"start":{"line":641,"column":0},"end":{"line":641,"column":0}},"641":{"start":{"line":642,"column":0},"end":{"line":642,"column":31}},"642":{"start":{"line":643,"column":0},"end":{"line":643,"column":13}},"643":{"start":{"line":644,"column":0},"end":{"line":644,"column":64}},"644":{"start":{"line":645,"column":0},"end":{"line":645,"column":34}},"645":{"start":{"line":646,"column":0},"end":{"line":646,"column":82}},"646":{"start":{"line":647,"column":0},"end":{"line":647,"column":49}},"647":{"start":{"line":648,"column":0},"end":{"line":648,"column":9}},"648":{"start":{"line":649,"column":0},"end":{"line":649,"column":7}},"649":{"start":{"line":650,"column":0},"end":{"line":650,"column":0}},"650":{"start":{"line":651,"column":0},"end":{"line":651,"column":37}},"651":{"start":{"line":652,"column":0},"end":{"line":652,"column":45}},"652":{"start":{"line":653,"column":0},"end":{"line":653,"column":71}},"653":{"start":{"line":654,"column":0},"end":{"line":654,"column":9}},"654":{"start":{"line":655,"column":0},"end":{"line":655,"column":60}},"655":{"start":{"line":656,"column":0},"end":{"line":656,"column":7}},"656":{"start":{"line":657,"column":0},"end":{"line":657,"column":0}},"657":{"start":{"line":658,"column":0},"end":{"line":658,"column":31}},"658":{"start":{"line":659,"column":0},"end":{"line":659,"column":69}},"659":{"start":{"line":660,"column":0},"end":{"line":660,"column":83}},"660":{"start":{"line":661,"column":0},"end":{"line":661,"column":9}},"661":{"start":{"line":662,"column":0},"end":{"line":662,"column":41}},"662":{"start":{"line":663,"column":0},"end":{"line":663,"column":7}},"663":{"start":{"line":664,"column":0},"end":{"line":664,"column":0}},"664":{"start":{"line":665,"column":0},"end":{"line":665,"column":38}},"665":{"start":{"line":666,"column":0},"end":{"line":666,"column":46}},"666":{"start":{"line":667,"column":0},"end":{"line":667,"column":67}},"667":{"start":{"line":668,"column":0},"end":{"line":668,"column":7}},"668":{"start":{"line":669,"column":0},"end":{"line":669,"column":0}},"669":{"start":{"line":670,"column":0},"end":{"line":670,"column":55}},"670":{"start":{"line":671,"column":0},"end":{"line":671,"column":0}},"671":{"start":{"line":672,"column":0},"end":{"line":672,"column":11}},"672":{"start":{"line":673,"column":0},"end":{"line":673,"column":48}},"673":{"start":{"line":674,"column":0},"end":{"line":674,"column":32}},"674":{"start":{"line":675,"column":0},"end":{"line":675,"column":100}},"675":{"start":{"line":676,"column":0},"end":{"line":676,"column":7}},"676":{"start":{"line":677,"column":0},"end":{"line":677,"column":0}},"677":{"start":{"line":678,"column":0},"end":{"line":678,"column":21}},"678":{"start":{"line":679,"column":0},"end":{"line":679,"column":48}},"679":{"start":{"line":680,"column":0},"end":{"line":680,"column":13}},"680":{"start":{"line":681,"column":0},"end":{"line":681,"column":15}},"681":{"start":{"line":682,"column":0},"end":{"line":682,"column":9}},"682":{"start":{"line":683,"column":0},"end":{"line":683,"column":30}},"683":{"start":{"line":684,"column":0},"end":{"line":684,"column":91}},"684":{"start":{"line":685,"column":0},"end":{"line":685,"column":5}},"685":{"start":{"line":686,"column":0},"end":{"line":686,"column":5}},"686":{"start":{"line":687,"column":0},"end":{"line":687,"column":0}},"687":{"start":{"line":688,"column":0},"end":{"line":688,"column":75}},"688":{"start":{"line":689,"column":0},"end":{"line":689,"column":31}},"689":{"start":{"line":690,"column":0},"end":{"line":690,"column":9}},"690":{"start":{"line":691,"column":0},"end":{"line":691,"column":48}},"691":{"start":{"line":692,"column":0},"end":{"line":692,"column":40}},"692":{"start":{"line":693,"column":0},"end":{"line":693,"column":40}},"693":{"start":{"line":694,"column":0},"end":{"line":694,"column":38}},"694":{"start":{"line":695,"column":0},"end":{"line":695,"column":86}},"695":{"start":{"line":696,"column":0},"end":{"line":696,"column":89}},"696":{"start":{"line":697,"column":0},"end":{"line":697,"column":8}},"697":{"start":{"line":698,"column":0},"end":{"line":698,"column":68}},"698":{"start":{"line":699,"column":0},"end":{"line":699,"column":0}},"699":{"start":{"line":700,"column":0},"end":{"line":700,"column":77}},"700":{"start":{"line":701,"column":0},"end":{"line":701,"column":81}},"701":{"start":{"line":702,"column":0},"end":{"line":702,"column":33}},"702":{"start":{"line":703,"column":0},"end":{"line":703,"column":23}},"703":{"start":{"line":704,"column":0},"end":{"line":704,"column":44}},"704":{"start":{"line":705,"column":0},"end":{"line":705,"column":36}},"705":{"start":{"line":706,"column":0},"end":{"line":706,"column":16}},"706":{"start":{"line":707,"column":0},"end":{"line":707,"column":7}},"707":{"start":{"line":708,"column":0},"end":{"line":708,"column":0}},"708":{"start":{"line":709,"column":0},"end":{"line":709,"column":66}},"709":{"start":{"line":710,"column":0},"end":{"line":710,"column":0}},"710":{"start":{"line":711,"column":0},"end":{"line":711,"column":26}},"711":{"start":{"line":712,"column":0},"end":{"line":712,"column":100}},"712":{"start":{"line":713,"column":0},"end":{"line":713,"column":0}},"713":{"start":{"line":714,"column":0},"end":{"line":714,"column":29}},"714":{"start":{"line":715,"column":0},"end":{"line":715,"column":20}},"715":{"start":{"line":716,"column":0},"end":{"line":716,"column":52}},"716":{"start":{"line":717,"column":0},"end":{"line":717,"column":7}},"717":{"start":{"line":718,"column":0},"end":{"line":718,"column":0}},"718":{"start":{"line":719,"column":0},"end":{"line":719,"column":28}},"719":{"start":{"line":720,"column":0},"end":{"line":720,"column":19}},"720":{"start":{"line":721,"column":0},"end":{"line":721,"column":33}},"721":{"start":{"line":722,"column":0},"end":{"line":722,"column":46}},"722":{"start":{"line":723,"column":0},"end":{"line":723,"column":27}},"723":{"start":{"line":724,"column":0},"end":{"line":724,"column":27}},"724":{"start":{"line":725,"column":0},"end":{"line":725,"column":43}},"725":{"start":{"line":726,"column":0},"end":{"line":726,"column":27}},"726":{"start":{"line":727,"column":0},"end":{"line":727,"column":44}},"727":{"start":{"line":728,"column":0},"end":{"line":728,"column":29}},"728":{"start":{"line":729,"column":0},"end":{"line":729,"column":44}},"729":{"start":{"line":730,"column":0},"end":{"line":730,"column":26}},"730":{"start":{"line":731,"column":0},"end":{"line":731,"column":72}},"731":{"start":{"line":732,"column":0},"end":{"line":732,"column":20}},"732":{"start":{"line":733,"column":0},"end":{"line":733,"column":27}},"733":{"start":{"line":734,"column":0},"end":{"line":734,"column":11}},"734":{"start":{"line":735,"column":0},"end":{"line":735,"column":11}},"735":{"start":{"line":736,"column":0},"end":{"line":736,"column":7}},"736":{"start":{"line":737,"column":0},"end":{"line":737,"column":0}},"737":{"start":{"line":738,"column":0},"end":{"line":738,"column":25}},"738":{"start":{"line":739,"column":0},"end":{"line":739,"column":36}},"739":{"start":{"line":740,"column":0},"end":{"line":740,"column":33}},"740":{"start":{"line":741,"column":0},"end":{"line":741,"column":34}},"741":{"start":{"line":742,"column":0},"end":{"line":742,"column":7}},"742":{"start":{"line":743,"column":0},"end":{"line":743,"column":32}},"743":{"start":{"line":744,"column":0},"end":{"line":744,"column":36}},"744":{"start":{"line":745,"column":0},"end":{"line":745,"column":7}},"745":{"start":{"line":746,"column":0},"end":{"line":746,"column":0}},"746":{"start":{"line":747,"column":0},"end":{"line":747,"column":44}},"747":{"start":{"line":748,"column":0},"end":{"line":748,"column":21}},"748":{"start":{"line":749,"column":0},"end":{"line":749,"column":13}},"749":{"start":{"line":750,"column":0},"end":{"line":750,"column":27}},"750":{"start":{"line":751,"column":0},"end":{"line":751,"column":21}},"751":{"start":{"line":752,"column":0},"end":{"line":752,"column":27}},"752":{"start":{"line":753,"column":0},"end":{"line":753,"column":30}},"753":{"start":{"line":754,"column":0},"end":{"line":754,"column":36}},"754":{"start":{"line":755,"column":0},"end":{"line":755,"column":67}},"755":{"start":{"line":756,"column":0},"end":{"line":756,"column":9}},"756":{"start":{"line":757,"column":0},"end":{"line":757,"column":9}},"757":{"start":{"line":758,"column":0},"end":{"line":758,"column":30}},"758":{"start":{"line":759,"column":0},"end":{"line":759,"column":87}},"759":{"start":{"line":760,"column":0},"end":{"line":760,"column":5}},"760":{"start":{"line":761,"column":0},"end":{"line":761,"column":5}},"761":{"start":{"line":762,"column":0},"end":{"line":762,"column":0}},"762":{"start":{"line":763,"column":0},"end":{"line":763,"column":19}},"763":{"start":{"line":764,"column":0},"end":{"line":764,"column":35}},"764":{"start":{"line":765,"column":0},"end":{"line":765,"column":45}},"765":{"start":{"line":766,"column":0},"end":{"line":766,"column":61}},"766":{"start":{"line":767,"column":0},"end":{"line":767,"column":23}},"767":{"start":{"line":768,"column":0},"end":{"line":768,"column":5}},"768":{"start":{"line":769,"column":0},"end":{"line":769,"column":0}},"769":{"start":{"line":770,"column":0},"end":{"line":770,"column":17}},"770":{"start":{"line":771,"column":0},"end":{"line":771,"column":43}},"771":{"start":{"line":772,"column":0},"end":{"line":772,"column":33}},"772":{"start":{"line":773,"column":0},"end":{"line":773,"column":39}},"773":{"start":{"line":774,"column":0},"end":{"line":774,"column":86}},"774":{"start":{"line":775,"column":0},"end":{"line":775,"column":47}},"775":{"start":{"line":776,"column":0},"end":{"line":776,"column":5}},"776":{"start":{"line":777,"column":0},"end":{"line":777,"column":0}},"777":{"start":{"line":778,"column":0},"end":{"line":778,"column":24}},"778":{"start":{"line":779,"column":0},"end":{"line":779,"column":50}},"779":{"start":{"line":780,"column":0},"end":{"line":780,"column":33}},"780":{"start":{"line":781,"column":0},"end":{"line":781,"column":30}},"781":{"start":{"line":782,"column":0},"end":{"line":782,"column":61}},"782":{"start":{"line":783,"column":0},"end":{"line":783,"column":0}},"783":{"start":{"line":784,"column":0},"end":{"line":784,"column":22}},"784":{"start":{"line":785,"column":0},"end":{"line":785,"column":9}},"785":{"start":{"line":786,"column":0},"end":{"line":786,"column":32}},"786":{"start":{"line":787,"column":0},"end":{"line":787,"column":13}},"787":{"start":{"line":788,"column":0},"end":{"line":788,"column":57}},"788":{"start":{"line":789,"column":0},"end":{"line":789,"column":5}},"789":{"start":{"line":790,"column":0},"end":{"line":790,"column":0}},"790":{"start":{"line":791,"column":0},"end":{"line":791,"column":71}},"791":{"start":{"line":792,"column":0},"end":{"line":792,"column":31}},"792":{"start":{"line":793,"column":0},"end":{"line":793,"column":88}},"793":{"start":{"line":794,"column":0},"end":{"line":794,"column":5}},"794":{"start":{"line":795,"column":0},"end":{"line":795,"column":0}},"795":{"start":{"line":796,"column":0},"end":{"line":796,"column":42}},"796":{"start":{"line":797,"column":0},"end":{"line":797,"column":54}},"797":{"start":{"line":798,"column":0},"end":{"line":798,"column":80}},"798":{"start":{"line":799,"column":0},"end":{"line":799,"column":0}},"799":{"start":{"line":800,"column":0},"end":{"line":800,"column":53}},"800":{"start":{"line":801,"column":0},"end":{"line":801,"column":30}},"801":{"start":{"line":802,"column":0},"end":{"line":802,"column":5}},"802":{"start":{"line":803,"column":0},"end":{"line":803,"column":0}},"803":{"start":{"line":804,"column":0},"end":{"line":804,"column":34}},"804":{"start":{"line":805,"column":0},"end":{"line":805,"column":38}},"805":{"start":{"line":806,"column":0},"end":{"line":806,"column":33}},"806":{"start":{"line":807,"column":0},"end":{"line":807,"column":30}},"807":{"start":{"line":808,"column":0},"end":{"line":808,"column":61}},"808":{"start":{"line":809,"column":0},"end":{"line":809,"column":62}},"809":{"start":{"line":810,"column":0},"end":{"line":810,"column":82}},"810":{"start":{"line":811,"column":0},"end":{"line":811,"column":5}},"811":{"start":{"line":812,"column":0},"end":{"line":812,"column":37}},"812":{"start":{"line":813,"column":0},"end":{"line":813,"column":68}},"813":{"start":{"line":814,"column":0},"end":{"line":814,"column":45}},"814":{"start":{"line":815,"column":0},"end":{"line":815,"column":5}},"815":{"start":{"line":816,"column":0},"end":{"line":816,"column":0}},"816":{"start":{"line":817,"column":0},"end":{"line":817,"column":20}},"817":{"start":{"line":818,"column":0},"end":{"line":818,"column":32}},"818":{"start":{"line":819,"column":0},"end":{"line":819,"column":9}},"819":{"start":{"line":820,"column":0},"end":{"line":820,"column":27}},"820":{"start":{"line":821,"column":0},"end":{"line":821,"column":40}},"821":{"start":{"line":822,"column":0},"end":{"line":822,"column":52}},"822":{"start":{"line":823,"column":0},"end":{"line":823,"column":8}},"823":{"start":{"line":824,"column":0},"end":{"line":824,"column":0}},"824":{"start":{"line":825,"column":0},"end":{"line":825,"column":69}},"825":{"start":{"line":826,"column":0},"end":{"line":826,"column":33}},"826":{"start":{"line":827,"column":0},"end":{"line":827,"column":23}},"827":{"start":{"line":828,"column":0},"end":{"line":828,"column":44}},"828":{"start":{"line":829,"column":0},"end":{"line":829,"column":36}},"829":{"start":{"line":830,"column":0},"end":{"line":830,"column":16}},"830":{"start":{"line":831,"column":0},"end":{"line":831,"column":7}},"831":{"start":{"line":832,"column":0},"end":{"line":832,"column":0}},"832":{"start":{"line":833,"column":0},"end":{"line":833,"column":67}},"833":{"start":{"line":834,"column":0},"end":{"line":834,"column":27}},"834":{"start":{"line":835,"column":0},"end":{"line":835,"column":30}},"835":{"start":{"line":836,"column":0},"end":{"line":836,"column":88}},"836":{"start":{"line":837,"column":0},"end":{"line":837,"column":5}},"837":{"start":{"line":838,"column":0},"end":{"line":838,"column":5}},"838":{"start":{"line":839,"column":0},"end":{"line":839,"column":0}},"839":{"start":{"line":840,"column":0},"end":{"line":840,"column":15}},"840":{"start":{"line":841,"column":0},"end":{"line":841,"column":38}},"841":{"start":{"line":842,"column":0},"end":{"line":842,"column":9}},"842":{"start":{"line":843,"column":0},"end":{"line":843,"column":27}},"843":{"start":{"line":844,"column":0},"end":{"line":844,"column":40}},"844":{"start":{"line":845,"column":0},"end":{"line":845,"column":53}},"845":{"start":{"line":846,"column":0},"end":{"line":846,"column":53}},"846":{"start":{"line":847,"column":0},"end":{"line":847,"column":8}},"847":{"start":{"line":848,"column":0},"end":{"line":848,"column":0}},"848":{"start":{"line":849,"column":0},"end":{"line":849,"column":69}},"849":{"start":{"line":850,"column":0},"end":{"line":850,"column":33}},"850":{"start":{"line":851,"column":0},"end":{"line":851,"column":23}},"851":{"start":{"line":852,"column":0},"end":{"line":852,"column":44}},"852":{"start":{"line":853,"column":0},"end":{"line":853,"column":36}},"853":{"start":{"line":854,"column":0},"end":{"line":854,"column":16}},"854":{"start":{"line":855,"column":0},"end":{"line":855,"column":7}},"855":{"start":{"line":856,"column":0},"end":{"line":856,"column":0}},"856":{"start":{"line":857,"column":0},"end":{"line":857,"column":68}},"857":{"start":{"line":858,"column":0},"end":{"line":858,"column":27}},"858":{"start":{"line":859,"column":0},"end":{"line":859,"column":30}},"859":{"start":{"line":860,"column":0},"end":{"line":860,"column":93}},"860":{"start":{"line":861,"column":0},"end":{"line":861,"column":5}},"861":{"start":{"line":862,"column":0},"end":{"line":862,"column":5}},"862":{"start":{"line":863,"column":0},"end":{"line":863,"column":0}},"863":{"start":{"line":864,"column":0},"end":{"line":864,"column":28}},"864":{"start":{"line":865,"column":0},"end":{"line":865,"column":47}},"865":{"start":{"line":866,"column":0},"end":{"line":866,"column":33}},"866":{"start":{"line":867,"column":0},"end":{"line":867,"column":25}},"867":{"start":{"line":868,"column":0},"end":{"line":868,"column":63}},"868":{"start":{"line":869,"column":0},"end":{"line":869,"column":0}},"869":{"start":{"line":870,"column":0},"end":{"line":870,"column":39}},"870":{"start":{"line":871,"column":0},"end":{"line":871,"column":25}},"871":{"start":{"line":872,"column":0},"end":{"line":872,"column":42}},"872":{"start":{"line":873,"column":0},"end":{"line":873,"column":28}},"873":{"start":{"line":874,"column":0},"end":{"line":874,"column":15}},"874":{"start":{"line":875,"column":0},"end":{"line":875,"column":38}},"875":{"start":{"line":876,"column":0},"end":{"line":876,"column":23}},"876":{"start":{"line":877,"column":0},"end":{"line":877,"column":122}},"877":{"start":{"line":878,"column":0},"end":{"line":878,"column":40}},"878":{"start":{"line":879,"column":0},"end":{"line":879,"column":72}},"879":{"start":{"line":880,"column":0},"end":{"line":880,"column":21}},"880":{"start":{"line":881,"column":0},"end":{"line":881,"column":13}},"881":{"start":{"line":882,"column":0},"end":{"line":882,"column":40}},"882":{"start":{"line":883,"column":0},"end":{"line":883,"column":45}},"883":{"start":{"line":884,"column":0},"end":{"line":884,"column":56}},"884":{"start":{"line":885,"column":0},"end":{"line":885,"column":41}},"885":{"start":{"line":886,"column":0},"end":{"line":886,"column":44}},"886":{"start":{"line":887,"column":0},"end":{"line":887,"column":112}},"887":{"start":{"line":888,"column":0},"end":{"line":888,"column":15}},"888":{"start":{"line":889,"column":0},"end":{"line":889,"column":13}},"889":{"start":{"line":890,"column":0},"end":{"line":890,"column":67}},"890":{"start":{"line":891,"column":0},"end":{"line":891,"column":70}},"891":{"start":{"line":892,"column":0},"end":{"line":892,"column":117}},"892":{"start":{"line":893,"column":0},"end":{"line":893,"column":40}},"893":{"start":{"line":894,"column":0},"end":{"line":894,"column":72}},"894":{"start":{"line":895,"column":0},"end":{"line":895,"column":13}},"895":{"start":{"line":896,"column":0},"end":{"line":896,"column":19}},"896":{"start":{"line":897,"column":0},"end":{"line":897,"column":28}},"897":{"start":{"line":898,"column":0},"end":{"line":898,"column":11}},"898":{"start":{"line":899,"column":0},"end":{"line":899,"column":10}},"899":{"start":{"line":900,"column":0},"end":{"line":900,"column":15}},"900":{"start":{"line":901,"column":0},"end":{"line":901,"column":45}},"901":{"start":{"line":902,"column":0},"end":{"line":902,"column":26}},"902":{"start":{"line":903,"column":0},"end":{"line":903,"column":36}},"903":{"start":{"line":904,"column":0},"end":{"line":904,"column":68}},"904":{"start":{"line":905,"column":0},"end":{"line":905,"column":32}},"905":{"start":{"line":906,"column":0},"end":{"line":906,"column":8}},"906":{"start":{"line":907,"column":0},"end":{"line":907,"column":16}},"907":{"start":{"line":908,"column":0},"end":{"line":908,"column":34}},"908":{"start":{"line":909,"column":0},"end":{"line":909,"column":8}},"909":{"start":{"line":910,"column":0},"end":{"line":910,"column":7}},"910":{"start":{"line":911,"column":0},"end":{"line":911,"column":0}},"911":{"start":{"line":912,"column":0},"end":{"line":912,"column":33}},"912":{"start":{"line":913,"column":0},"end":{"line":913,"column":16}},"913":{"start":{"line":914,"column":0},"end":{"line":914,"column":44}},"914":{"start":{"line":915,"column":0},"end":{"line":915,"column":36}},"915":{"start":{"line":916,"column":0},"end":{"line":916,"column":35}},"916":{"start":{"line":917,"column":0},"end":{"line":917,"column":8}},"917":{"start":{"line":918,"column":0},"end":{"line":918,"column":7}},"918":{"start":{"line":919,"column":0},"end":{"line":919,"column":5}},"919":{"start":{"line":920,"column":0},"end":{"line":920,"column":0}},"920":{"start":{"line":921,"column":0},"end":{"line":921,"column":23}},"921":{"start":{"line":922,"column":0},"end":{"line":922,"column":48}},"922":{"start":{"line":923,"column":0},"end":{"line":923,"column":33}},"923":{"start":{"line":924,"column":0},"end":{"line":924,"column":30}},"924":{"start":{"line":925,"column":0},"end":{"line":925,"column":61}},"925":{"start":{"line":926,"column":0},"end":{"line":926,"column":65}},"926":{"start":{"line":927,"column":0},"end":{"line":927,"column":84}},"927":{"start":{"line":928,"column":0},"end":{"line":928,"column":5}},"928":{"start":{"line":929,"column":0},"end":{"line":929,"column":38}},"929":{"start":{"line":930,"column":0},"end":{"line":930,"column":18}},"930":{"start":{"line":931,"column":0},"end":{"line":931,"column":59}},"931":{"start":{"line":932,"column":0},"end":{"line":932,"column":5}},"932":{"start":{"line":933,"column":0},"end":{"line":933,"column":55}},"933":{"start":{"line":934,"column":0},"end":{"line":934,"column":5}},"934":{"start":{"line":935,"column":0},"end":{"line":935,"column":0}},"935":{"start":{"line":936,"column":0},"end":{"line":936,"column":39}},"936":{"start":{"line":937,"column":0},"end":{"line":937,"column":34}},"937":{"start":{"line":938,"column":0},"end":{"line":938,"column":34}},"938":{"start":{"line":939,"column":0},"end":{"line":939,"column":63}},"939":{"start":{"line":940,"column":0},"end":{"line":940,"column":0}},"940":{"start":{"line":941,"column":0},"end":{"line":941,"column":39}},"941":{"start":{"line":942,"column":0},"end":{"line":942,"column":25}},"942":{"start":{"line":943,"column":0},"end":{"line":943,"column":85}},"943":{"start":{"line":944,"column":0},"end":{"line":944,"column":49}},"944":{"start":{"line":945,"column":0},"end":{"line":945,"column":50}},"945":{"start":{"line":946,"column":0},"end":{"line":946,"column":9}},"946":{"start":{"line":947,"column":0},"end":{"line":947,"column":0}},"947":{"start":{"line":948,"column":0},"end":{"line":948,"column":42}},"948":{"start":{"line":949,"column":0},"end":{"line":949,"column":31}},"949":{"start":{"line":950,"column":0},"end":{"line":950,"column":34}},"950":{"start":{"line":951,"column":0},"end":{"line":951,"column":23}},"951":{"start":{"line":952,"column":0},"end":{"line":952,"column":21}},"952":{"start":{"line":953,"column":0},"end":{"line":953,"column":27}},"953":{"start":{"line":954,"column":0},"end":{"line":954,"column":28}},"954":{"start":{"line":955,"column":0},"end":{"line":955,"column":11}},"955":{"start":{"line":956,"column":0},"end":{"line":956,"column":0}},"956":{"start":{"line":957,"column":0},"end":{"line":957,"column":29}},"957":{"start":{"line":958,"column":0},"end":{"line":958,"column":40}},"958":{"start":{"line":959,"column":0},"end":{"line":959,"column":15}},"959":{"start":{"line":960,"column":0},"end":{"line":960,"column":38}},"960":{"start":{"line":961,"column":0},"end":{"line":961,"column":45}},"961":{"start":{"line":962,"column":0},"end":{"line":962,"column":84}},"962":{"start":{"line":963,"column":0},"end":{"line":963,"column":68}},"963":{"start":{"line":964,"column":0},"end":{"line":964,"column":19}},"964":{"start":{"line":965,"column":0},"end":{"line":965,"column":28}},"965":{"start":{"line":966,"column":0},"end":{"line":966,"column":11}},"966":{"start":{"line":967,"column":0},"end":{"line":967,"column":10}},"967":{"start":{"line":968,"column":0},"end":{"line":968,"column":0}},"968":{"start":{"line":969,"column":0},"end":{"line":969,"column":27}},"969":{"start":{"line":970,"column":0},"end":{"line":970,"column":0}},"970":{"start":{"line":971,"column":0},"end":{"line":971,"column":108}},"971":{"start":{"line":972,"column":0},"end":{"line":972,"column":85}},"972":{"start":{"line":973,"column":0},"end":{"line":973,"column":0}},"973":{"start":{"line":974,"column":0},"end":{"line":974,"column":39}},"974":{"start":{"line":975,"column":0},"end":{"line":975,"column":26}},"975":{"start":{"line":976,"column":0},"end":{"line":976,"column":36}},"976":{"start":{"line":977,"column":0},"end":{"line":977,"column":38}},"977":{"start":{"line":978,"column":0},"end":{"line":978,"column":68}},"978":{"start":{"line":979,"column":0},"end":{"line":979,"column":19}},"979":{"start":{"line":980,"column":0},"end":{"line":980,"column":8}},"980":{"start":{"line":981,"column":0},"end":{"line":981,"column":16}},"981":{"start":{"line":982,"column":0},"end":{"line":982,"column":34}},"982":{"start":{"line":983,"column":0},"end":{"line":983,"column":36}},"983":{"start":{"line":984,"column":0},"end":{"line":984,"column":8}},"984":{"start":{"line":985,"column":0},"end":{"line":985,"column":7}},"985":{"start":{"line":986,"column":0},"end":{"line":986,"column":0}},"986":{"start":{"line":987,"column":0},"end":{"line":987,"column":33}},"987":{"start":{"line":988,"column":0},"end":{"line":988,"column":16}},"988":{"start":{"line":989,"column":0},"end":{"line":989,"column":44}},"989":{"start":{"line":990,"column":0},"end":{"line":990,"column":36}},"990":{"start":{"line":991,"column":0},"end":{"line":991,"column":35}},"991":{"start":{"line":992,"column":0},"end":{"line":992,"column":8}},"992":{"start":{"line":993,"column":0},"end":{"line":993,"column":7}},"993":{"start":{"line":994,"column":0},"end":{"line":994,"column":5}},"994":{"start":{"line":995,"column":0},"end":{"line":995,"column":0}},"995":{"start":{"line":996,"column":0},"end":{"line":996,"column":61}},"996":{"start":{"line":997,"column":0},"end":{"line":997,"column":25}},"997":{"start":{"line":998,"column":0},"end":{"line":998,"column":0}},"998":{"start":{"line":999,"column":0},"end":{"line":999,"column":53}},"999":{"start":{"line":1000,"column":0},"end":{"line":1000,"column":43}},"1000":{"start":{"line":1001,"column":0},"end":{"line":1001,"column":67}},"1001":{"start":{"line":1002,"column":0},"end":{"line":1002,"column":74}},"1002":{"start":{"line":1003,"column":0},"end":{"line":1003,"column":31}},"1003":{"start":{"line":1004,"column":0},"end":{"line":1004,"column":4}},"1004":{"start":{"line":1005,"column":0},"end":{"line":1005,"column":0}},"1005":{"start":{"line":1006,"column":0},"end":{"line":1006,"column":61}},"1006":{"start":{"line":1007,"column":0},"end":{"line":1007,"column":40}},"1007":{"start":{"line":1008,"column":0},"end":{"line":1008,"column":9}},"1008":{"start":{"line":1009,"column":0},"end":{"line":1009,"column":49}},"1009":{"start":{"line":1010,"column":0},"end":{"line":1010,"column":47}},"1010":{"start":{"line":1011,"column":0},"end":{"line":1011,"column":78}},"1011":{"start":{"line":1012,"column":0},"end":{"line":1012,"column":0}},"1012":{"start":{"line":1013,"column":0},"end":{"line":1013,"column":11}},"1013":{"start":{"line":1014,"column":0},"end":{"line":1014,"column":63}},"1014":{"start":{"line":1015,"column":0},"end":{"line":1015,"column":23}},"1015":{"start":{"line":1016,"column":0},"end":{"line":1016,"column":25}},"1016":{"start":{"line":1017,"column":0},"end":{"line":1017,"column":62}},"1017":{"start":{"line":1018,"column":0},"end":{"line":1018,"column":60}},"1018":{"start":{"line":1019,"column":0},"end":{"line":1019,"column":44}},"1019":{"start":{"line":1020,"column":0},"end":{"line":1020,"column":60}},"1020":{"start":{"line":1021,"column":0},"end":{"line":1021,"column":11}},"1021":{"start":{"line":1022,"column":0},"end":{"line":1022,"column":29}},"1022":{"start":{"line":1023,"column":0},"end":{"line":1023,"column":72}},"1023":{"start":{"line":1024,"column":0},"end":{"line":1024,"column":23}},"1024":{"start":{"line":1025,"column":0},"end":{"line":1025,"column":25}},"1025":{"start":{"line":1026,"column":0},"end":{"line":1026,"column":33}},"1026":{"start":{"line":1027,"column":0},"end":{"line":1027,"column":32}},"1027":{"start":{"line":1028,"column":0},"end":{"line":1028,"column":28}},"1028":{"start":{"line":1029,"column":0},"end":{"line":1029,"column":36}},"1029":{"start":{"line":1030,"column":0},"end":{"line":1030,"column":35}},"1030":{"start":{"line":1031,"column":0},"end":{"line":1031,"column":11}},"1031":{"start":{"line":1032,"column":0},"end":{"line":1032,"column":7}},"1032":{"start":{"line":1033,"column":0},"end":{"line":1033,"column":30}},"1033":{"start":{"line":1034,"column":0},"end":{"line":1034,"column":78}},"1034":{"start":{"line":1035,"column":0},"end":{"line":1035,"column":5}},"1035":{"start":{"line":1036,"column":0},"end":{"line":1036,"column":5}},"1036":{"start":{"line":1037,"column":0},"end":{"line":1037,"column":0}},"1037":{"start":{"line":1038,"column":0},"end":{"line":1038,"column":19}},"1038":{"start":{"line":1039,"column":0},"end":{"line":1039,"column":47}},"1039":{"start":{"line":1040,"column":0},"end":{"line":1040,"column":58}},"1040":{"start":{"line":1041,"column":0},"end":{"line":1041,"column":104}},"1041":{"start":{"line":1042,"column":0},"end":{"line":1042,"column":43}},"1042":{"start":{"line":1043,"column":0},"end":{"line":1043,"column":52}},"1043":{"start":{"line":1044,"column":0},"end":{"line":1044,"column":0}},"1044":{"start":{"line":1045,"column":0},"end":{"line":1045,"column":31}},"1045":{"start":{"line":1046,"column":0},"end":{"line":1046,"column":9}},"1046":{"start":{"line":1047,"column":0},"end":{"line":1047,"column":100}},"1047":{"start":{"line":1048,"column":0},"end":{"line":1048,"column":67}},"1048":{"start":{"line":1049,"column":0},"end":{"line":1049,"column":28}},"1049":{"start":{"line":1050,"column":0},"end":{"line":1050,"column":0}},"1050":{"start":{"line":1051,"column":0},"end":{"line":1051,"column":19}},"1051":{"start":{"line":1052,"column":0},"end":{"line":1052,"column":14}},"1052":{"start":{"line":1053,"column":0},"end":{"line":1053,"column":16}},"1053":{"start":{"line":1054,"column":0},"end":{"line":1054,"column":17}},"1054":{"start":{"line":1055,"column":0},"end":{"line":1055,"column":45}},"1055":{"start":{"line":1056,"column":0},"end":{"line":1056,"column":15}},"1056":{"start":{"line":1057,"column":0},"end":{"line":1057,"column":27}},"1057":{"start":{"line":1058,"column":0},"end":{"line":1058,"column":29}},"1058":{"start":{"line":1059,"column":0},"end":{"line":1059,"column":31}},"1059":{"start":{"line":1060,"column":0},"end":{"line":1060,"column":35}},"1060":{"start":{"line":1061,"column":0},"end":{"line":1061,"column":8}},"1061":{"start":{"line":1062,"column":0},"end":{"line":1062,"column":51}},"1062":{"start":{"line":1063,"column":0},"end":{"line":1063,"column":49}},"1063":{"start":{"line":1064,"column":0},"end":{"line":1064,"column":7}},"1064":{"start":{"line":1065,"column":0},"end":{"line":1065,"column":5}},"1065":{"start":{"line":1066,"column":0},"end":{"line":1066,"column":0}},"1066":{"start":{"line":1067,"column":0},"end":{"line":1067,"column":24}},"1067":{"start":{"line":1068,"column":0},"end":{"line":1068,"column":40}},"1068":{"start":{"line":1069,"column":0},"end":{"line":1069,"column":9}},"1069":{"start":{"line":1070,"column":0},"end":{"line":1070,"column":105}},"1070":{"start":{"line":1071,"column":0},"end":{"line":1071,"column":34}},"1071":{"start":{"line":1072,"column":0},"end":{"line":1072,"column":70}},"1072":{"start":{"line":1073,"column":0},"end":{"line":1073,"column":39}},"1073":{"start":{"line":1074,"column":0},"end":{"line":1074,"column":31}},"1074":{"start":{"line":1075,"column":0},"end":{"line":1075,"column":90}},"1075":{"start":{"line":1076,"column":0},"end":{"line":1076,"column":9}},"1076":{"start":{"line":1077,"column":0},"end":{"line":1077,"column":7}},"1077":{"start":{"line":1078,"column":0},"end":{"line":1078,"column":0}},"1078":{"start":{"line":1079,"column":0},"end":{"line":1079,"column":47}},"1079":{"start":{"line":1080,"column":0},"end":{"line":1080,"column":78}},"1080":{"start":{"line":1081,"column":0},"end":{"line":1081,"column":43}},"1081":{"start":{"line":1082,"column":0},"end":{"line":1082,"column":0}},"1082":{"start":{"line":1083,"column":0},"end":{"line":1083,"column":59}},"1083":{"start":{"line":1084,"column":0},"end":{"line":1084,"column":27}},"1084":{"start":{"line":1085,"column":0},"end":{"line":1085,"column":50}},"1085":{"start":{"line":1086,"column":0},"end":{"line":1086,"column":34}},"1086":{"start":{"line":1087,"column":0},"end":{"line":1087,"column":44}},"1087":{"start":{"line":1088,"column":0},"end":{"line":1088,"column":45}},"1088":{"start":{"line":1089,"column":0},"end":{"line":1089,"column":11}},"1089":{"start":{"line":1090,"column":0},"end":{"line":1090,"column":7}},"1090":{"start":{"line":1091,"column":0},"end":{"line":1091,"column":0}},"1091":{"start":{"line":1092,"column":0},"end":{"line":1092,"column":21}},"1092":{"start":{"line":1093,"column":0},"end":{"line":1093,"column":66}},"1093":{"start":{"line":1094,"column":0},"end":{"line":1094,"column":32}},"1094":{"start":{"line":1095,"column":0},"end":{"line":1095,"column":42}},"1095":{"start":{"line":1096,"column":0},"end":{"line":1096,"column":9}},"1096":{"start":{"line":1097,"column":0},"end":{"line":1097,"column":30}},"1097":{"start":{"line":1098,"column":0},"end":{"line":1098,"column":45}},"1098":{"start":{"line":1099,"column":0},"end":{"line":1099,"column":47}},"1099":{"start":{"line":1100,"column":0},"end":{"line":1100,"column":45}},"1100":{"start":{"line":1101,"column":0},"end":{"line":1101,"column":23}},"1101":{"start":{"line":1102,"column":0},"end":{"line":1102,"column":43}},"1102":{"start":{"line":1103,"column":0},"end":{"line":1103,"column":9}},"1103":{"start":{"line":1104,"column":0},"end":{"line":1104,"column":59}},"1104":{"start":{"line":1105,"column":0},"end":{"line":1105,"column":5}},"1105":{"start":{"line":1106,"column":0},"end":{"line":1106,"column":5}},"1106":{"start":{"line":1107,"column":0},"end":{"line":1107,"column":0}},"1107":{"start":{"line":1108,"column":0},"end":{"line":1108,"column":82}},"1108":{"start":{"line":1109,"column":0},"end":{"line":1109,"column":45}},"1109":{"start":{"line":1110,"column":0},"end":{"line":1110,"column":9}},"1110":{"start":{"line":1111,"column":0},"end":{"line":1111,"column":47}},"1111":{"start":{"line":1112,"column":0},"end":{"line":1112,"column":45}},"1112":{"start":{"line":1113,"column":0},"end":{"line":1113,"column":0}},"1113":{"start":{"line":1114,"column":0},"end":{"line":1114,"column":34}},"1114":{"start":{"line":1115,"column":0},"end":{"line":1115,"column":23}},"1115":{"start":{"line":1116,"column":0},"end":{"line":1116,"column":27}},"1116":{"start":{"line":1117,"column":0},"end":{"line":1117,"column":117}},"1117":{"start":{"line":1118,"column":0},"end":{"line":1118,"column":11}},"1118":{"start":{"line":1119,"column":0},"end":{"line":1119,"column":7}},"1119":{"start":{"line":1120,"column":0},"end":{"line":1120,"column":0}},"1120":{"start":{"line":1121,"column":0},"end":{"line":1121,"column":51}},"1121":{"start":{"line":1122,"column":0},"end":{"line":1122,"column":0}},"1122":{"start":{"line":1123,"column":0},"end":{"line":1123,"column":55}},"1123":{"start":{"line":1124,"column":0},"end":{"line":1124,"column":46}},"1124":{"start":{"line":1125,"column":0},"end":{"line":1125,"column":47}},"1125":{"start":{"line":1126,"column":0},"end":{"line":1126,"column":73}},"1126":{"start":{"line":1127,"column":0},"end":{"line":1127,"column":120}},"1127":{"start":{"line":1128,"column":0},"end":{"line":11
[...]
"line":782,"column":14},"end":{"line":782,"column":61}}]},"159":{"type":"branch","line":782,"loc":{"start":{"line":782,"column":59},"end":{"line":786,"column":32}},"locations":[{"start":{"line":782,"column":59},"end":{"line":786,"column":32}}]},"160":{"type":"branch","line":786,"loc":{"start":{"line":786,"column":30},"end":{"line":787,"column":12}},"locations":[{"start":{"line":786,"column":30},"end":{"line":787,"column":12}}]},"161":{"type":"branch","line":787,"loc":{"start":{"line":787,"column":4},"end":{"line":789,"column":5}},"locations":[{"start":{"line":787,"column":4},"end":{"line":789,"column":5}}]},"162":{"type":"branch","line":789,"loc":{"start":{"line":789,"column":4},"end":{"line":792,"column":30}},"locations":[{"start":{"line":789,"column":4},"end":{"line":792,"column":30}}]},"163":{"type":"branch","line":792,"loc":{"start":{"line":792,"column":30},"end":{"line":794,"column":5}},"locations":[{"start":{"line":792,"column":30},"end":{"line":794,"column":5}}]},"164":{"type":"branch","line":794,"loc":{"start":{"line":794,"column":4},"end":{"line":798,"column":28}},"locations":[{"start":{"line":794,"column":4},"end":{"line":798,"column":28}}]},"165":{"type":"branch","line":798,"loc":{"start":{"line":798,"column":21},"end":{"line":798,"column":80}},"locations":[{"start":{"line":798,"column":21},"end":{"line":798,"column":80}}]},"166":{"type":"branch","line":798,"loc":{"start":{"line":798,"column":78},"end":{"line":801,"column":30}},"locations":[{"start":{"line":798,"column":78},"end":{"line":801,"column":30}}]},"167":{"type":"branch","line":818,"loc":{"start":{"line":818,"column":24},"end":{"line":838,"column":3}},"locations":[{"start":{"line":818,"column":24},"end":{"line":838,"column":3}}]},"168":{"type":"branch","line":826,"loc":{"start":{"line":826,"column":32},"end":{"line":831,"column":7}},"locations":[{"start":{"line":826,"column":32},"end":{"line":831,"column":7}}]},"169":{"type":"branch","line":835,"loc":{"start":{"line":835,"column":4},"end":{"line":837,"column":5}},"locations":[{"start":{"line":835,"column":4},"end":{"line":837,"column":5}}]},"170":{"type":"branch","line":937,"loc":{"start":{"line":937,"column":25},"end":{"line":994,"column":3}},"locations":[{"start":{"line":937,"column":25},"end":{"line":994,"column":3}}]},"171":{"type":"branch","line":942,"loc":{"start":{"line":942,"column":6},"end":{"line":980,"column":8}},"locations":[{"start":{"line":942,"column":6},"end":{"line":980,"column":8}}]},"172":{"type":"branch","line":944,"loc":{"start":{"line":944,"column":48},"end":{"line":946,"column":9}},"locations":[{"start":{"line":944,"column":48},"end":{"line":946,"column":9}}]},"173":{"type":"branch","line":958,"loc":{"start":{"line":958,"column":33},"end":{"line":967,"column":10}},"locations":[{"start":{"line":958,"column":33},"end":{"line":967,"column":10}}]},"174":{"type":"branch","line":964,"loc":{"start":{"line":964,"column":10},"end":{"line":966,"column":11}},"locations":[{"start":{"line":964,"column":10},"end":{"line":966,"column":11}}]},"175":{"type":"branch","line":1000,"loc":{"start":{"line":1000,"column":28},"end":{"line":1004,"column":4}},"locations":[{"start":{"line":1000,"column":28},"end":{"line":1004,"column":4}}]},"176":{"type":"branch","line":1007,"loc":{"start":{"line":1007,"column":26},"end":{"line":1036,"column":3}},"locations":[{"start":{"line":1007,"column":26},"end":{"line":1036,"column":3}}]},"177":{"type":"branch","line":1014,"loc":{"start":{"line":1014,"column":61},"end":{"line":1022,"column":15}},"locations":[{"start":{"line":1014,"column":61},"end":{"line":1022,"column":15}}]},"178":{"type":"branch","line":1022,"loc":{"start":{"line":1022,"column":6},"end":{"line":1032,"column":7}},"locations":[{"start":{"line":1022,"column":6},"end":{"line":1032,"column":7}}]},"179":{"type":"branch","line":1033,"loc":{"start":{"line":1033,"column":4},"end":{"line":1035,"column":5}},"locations":[{"start":{"line":1033,"column":4},"end":{"line":1035,"column":5}}]},"180":{"type":"branch","line":1068,"loc":{"start":{"line":1068,"column":26},"end":{"line":1106,"column":3}},"locations":[{"start":{"line":1068,"column":26},"end":{"line":1106,"column":3}}]},"181":{"type":"branch","line":1071,"loc":{"start":{"line":1071,"column":33},"end":{"line":1077,"column":7}},"locations":[{"start":{"line":1071,"column":33},"end":{"line":1077,"column":7}}]},"182":{"type":"branch","line":1073,"loc":{"start":{"line":1073,"column":38},"end":{"line":1076,"column":9}},"locations":[{"start":{"line":1073,"column":38},"end":{"line":1076,"column":9}}]},"183":{"type":"branch","line":1083,"loc":{"start":{"line":1083,"column":57},"end":{"line":1084,"column":26}},"locations":[{"start":{"line":1083,"column":57},"end":{"line":1084,"column":26}}]},"184":{"type":"branch","line":1084,"loc":{"start":{"line":1084,"column":26},"end":{"line":1090,"column":7}},"locations":[{"start":{"line":1084,"column":26},"end":{"line":1090,"column":7}}]},"185":{"type":"branch","line":1090,"loc":{"start":{"line":1090,"column":6},"end":{"line":1093,"column":34}},"locations":[{"start":{"line":1090,"column":6},"end":{"line":1093,"column":34}}]},"186":{"type":"branch","line":1093,"loc":{"start":{"line":1093,"column":24},"end":{"line":1093,"column":52}},"locations":[{"start":{"line":1093,"column":24},"end":{"line":1093,"column":52}}]},"187":{"type":"branch","line":1093,"loc":{"start":{"line":1093,"column":34},"end":{"line":1093,"column":66}},"locations":[{"start":{"line":1093,"column":34},"end":{"line":1093,"column":66}}]},"188":{"type":"branch","line":1097,"loc":{"start":{"line":1097,"column":4},"end":{"line":1105,"column":5}},"locations":[{"start":{"line":1097,"column":4},"end":{"line":1105,"column":5}}]},"189":{"type":"branch","line":1070,"loc":{"start":{"line":1070,"column":45},"end":{"line":1070,"column":103}},"locations":[{"start":{"line":1070,"column":45},"end":{"line":1070,"column":103}}]},"190":{"type":"branch","line":1070,"loc":{"start":{"line":1070,"column":67},"end":{"line":1070,"column":103}},"locations":[{"start":{"line":1070,"column":67},"end":{"line":1070,"column":103}}]},"191":{"type":"branch","line":1211,"loc":{"start":{"line":1211,"column":34},"end":{"line":1279,"column":3}},"locations":[{"start":{"line":1211,"column":34},"end":{"line":1279,"column":3}}]},"192":{"type":"branch","line":1214,"loc":{"start":{"line":1214,"column":30},"end":{"line":1214,"column":45}},"locations":[{"start":{"line":1214,"column":30},"end":{"line":1214,"column":45}}]},"193":{"type":"branch","line":1216,"loc":{"start":{"line":1216,"column":33},"end":{"line":1221,"column":7}},"locations":[{"start":{"line":1216,"column":33},"end":{"line":1221,"column":7}}]},"194":{"type":"branch","line":1221,"loc":{"start":{"line":1221,"column":6},"end":{"line":1223,"column":45}},"locations":[{"start":{"line":1221,"column":6},"end":{"line":1223,"column":45}}]},"195":{"type":"branch","line":1223,"loc":{"start":{"line":1223,"column":34},"end":{"line":1223,"column":51}},"locations":[{"start":{"line":1223,"column":34},"end":{"line":1223,"column":51}}]},"196":{"type":"branch","line":1257,"loc":{"start":{"line":1257,"column":6},"end":{"line":1276,"column":13}},"locations":[{"start":{"line":1257,"column":6},"end":{"line":1276,"column":13}}]},"197":{"type":"branch","line":1276,"loc":{"start":{"line":1276,"column":4},"end":{"line":1278,"column":5}},"locations":[{"start":{"line":1276,"column":4},"end":{"line":1278,"column":5}}]},"198":{"type":"branch","line":1226,"loc":{"start":{"line":1226,"column":21},"end":{"line":1256,"column":9}},"locations":[{"start":{"line":1226,"column":21},"end":{"line":1256,"column":9}}]},"199":{"type":"branch","line":1236,"loc":{"start":{"line":1236,"column":40},"end":{"line":1236,"column":86}},"locations":[{"start":{"line":1236,"column":40},"end":{"line":1236,"column":86}}]},"200":{"type":"branch","line":1236,"loc":{"start":{"line":1236,"column":86},"end":{"line":1238,"column":21}},"locations":[{"start":{"line":1236,"column":86},"end":{"line":1238,"column":21}}]},"201":{"type":"branch","line":1238,"loc":{"start":{"line":1238,"column":10},"end":{"line":1243,"column":11}},"locations":[{"start":{"line":1238,"column":10},"end":{"line":1243,"column":11}}]},"202":{"type":"branch","line":1241,"loc":{"start":{"line":1241,"column":12},"end":{"line":1243,"column":11}},"locations":[{"start":{"line":1241,"column":12},"end":{"line":1243,"column":11}}]},"203":{"type":"branch","line":1260,"loc":{"start":{"line":1260,"column":48},"end":{"line":1260,"column":64}},"locations":[{"start":{"line":1260,"column":48},"end":{"line":1260,"column":64}}]},"204":{"type":"branch","line":1262,"loc":{"start":{"line":1262,"column":50},"end":{"line":1265,"column":8}},"locations":[{"start":{"line":1262,"column":50},"end":{"line":1265,"column":8}}]},"205":{"type":"branch","line":1264,"loc":{"start":{"line":1264,"column":42},"end":{"line":1264,"column":52}},"locations":[{"start":{"line":1264,"column":42},"end":{"line":1264,"column":52}}]},"206":{"type":"branch","line":1269,"loc":{"start":{"line":1269,"column":42},"end":{"line":1269,"column":69}},"locations":[{"start":{"line":1269,"column":42},"end":{"line":1269,"column":69}}]},"207":{"type":"branch","line":1270,"loc":{"start":{"line":1270,"column":42},"end":{"line":1270,"column":69}},"locations":[{"start":{"line":1270,"column":42},"end":{"line":1270,"column":69}}]},"208":{"type":"branch","line":1271,"loc":{"start":{"line":1271,"column":40},"end":{"line":1271,"column":65}},"locations":[{"start":{"line":1271,"column":40},"end":{"line":1271,"column":65}}]},"209":{"type":"branch","line":1282,"loc":{"start":{"line":1282,"column":25},"end":{"line":1336,"column":3}},"locations":[{"start":{"line":1282,"column":25},"end":{"line":1336,"column":3}}]},"210":{"type":"branch","line":1285,"loc":{"start":{"line":1285,"column":25},"end":{"line":1287,"column":7}},"locations":[{"start":{"line":1285,"column":25},"end":{"line":1287,"column":7}}]},"211":{"type":"branch","line":1287,"loc":{"start":{"line":1287,"column":6},"end":{"line":1293,"column":45}},"locations":[{"start":{"line":1287,"column":6},"end":{"line":1293,"column":45}}]},"212":{"type":"branch","line":1293,"loc":{"start":{"line":1293,"column":35},"end":{"line":1293,"column":50}},"locations":[{"start":{"line":1293,"column":35},"end":{"line":1293,"column":50}}]},"213":{"type":"branch","line":1295,"loc":{"start":{"line":1295,"column":26},"end":{"line":1297,"column":7}},"locations":[{"start":{"line":1295,"column":26},"end":{"line":1297,"column":7}}]},"214":{"type":"branch","line":1297,"loc":{"start":{"line":1297,"column":6},"end":{"line":1300,"column":45}},"locations":[{"start":{"line":1297,"column":6},"end":{"line":1300,"column":45}}]},"215":{"type":"branch","line":1300,"loc":{"start":{"line":1300,"column":34},"end":{"line":1300,"column":51}},"locations":[{"start":{"line":1300,"column":34},"end":{"line":1300,"column":51}}]},"216":{"type":"branch","line":1308,"loc":{"start":{"line":1308,"column":7},"end":{"line":1313,"column":47}},"locations":[{"start":{"line":1308,"column":7},"end":{"line":1313,"column":47}}]},"217":{"type":"branch","line":1313,"loc":{"start":{"line":1313,"column":36},"end":{"line":1313,"column":82}},"locations":[{"start":{"line":1313,"column":36},"end":{"line":1313,"column":82}}]},"218":{"type":"branch","line":1313,"loc":{"start":{"line":1313,"column":82},"end":{"line":1315,"column":17}},"locations":[{"start":{"line":1313,"column":82},"end":{"line":1315,"column":17}}]},"219":{"type":"branch","line":1315,"loc":{"start":{"line":1315,"column":6},"end":{"line":1318,"column":7}},"locations":[{"start":{"line":1315,"column":6},"end":{"line":1318,"column":7}}]},"220":{"type":"branch","line":1315,"loc":{"start":{"line":1315,"column":43},"end":{"line":1315,"column":92}},"locations":[{"start":{"line":1315,"column":43},"end":{"line":1315,"column":92}}]},"221":{"type":"branch","line":1315,"loc":{"start":{"line":1315,"column":82},"end":{"line":1316,"column":59}},"locations":[{"start":{"line":1315,"column":82},"end":{"line":1316,"column":59}}]},"222":{"type":"branch","line":1316,"loc":{"start":{"line":1316,"column":46},"end":{"line":1316,"column":97}},"locations":[{"start":{"line":1316,"column":46},"end":{"line":1316,"column":97}}]},"223":{"type":"branch","line":1316,"loc":{"start":{"line":1316,"column":97},"end":{"line":1318,"column":7}},"locations":[{"start":{"line":1316,"column":97},"end":{"line":1318,"column":7}}]},"224":{"type":"branch","line":1318,"loc":{"start":{"line":1318,"column":6},"end":{"line":1333,"column":13}},"locations":[{"start":{"line":1318,"column":6},"end":{"line":1333,"column":13}}]},"225":{"type":"branch","line":1333,"loc":{"start":{"line":1333,"column":4},"end":{"line":1335,"column":5}},"locations":[{"start":{"line":1333,"column":4},"end":{"line":1335,"column":5}}]},"226":{"type":"branch","line":1293,"loc":{"start":{"line":1293,"column":50},"end":{"line":1293,"column":73}},"locations":[{"start":{"line":1293,"column":50},"end":{"line":1293,"column":73}}]}},"b":{"0":[22],"1":[12],"2":[25],"3":[0],"4":[0],"5":[0],"6":[5],"7":[2],"8":[0],"9":[118],"10":[150],"11":[117],"12":[117],"13":[40],"14":[32],"15":[0],"16":[7],"17":[4],"18":[1],"19":[22],"20":[1],"21":[21],"22":[16],"23":[5],"24":[13],"25":[12],"26":[2],"27":[0],"28":[10],"29":[1],"30":[13],"31":[1],"32":[12],"33":[1],"34":[11],"35":[0],"36":[13],"37":[0],"38":[2],"39":[11],"40":[0],"41":[0],"42":[11],"43":[1],"44":[10],"45":[0],"46":[13],"47":[1],"48":[12],"49":[1],"50":[11],"51":[0],"52":[118],"53":[47],"54":[1],"55":[1],"56":[1],"57":[1],"58":[0],"59":[81],"60":[71],"61":[14],"62":[67],"63":[4],"64":[3],"65":[1],"66":[5],"67":[3],"68":[2],"69":[1],"70":[8],"71":[7],"72":[1],"73":[13],"74":[12],"75":[4],"76":[8],"77":[0],"78":[3],"79":[6],"80":[5],"81":[1],"82":[5],"83":[5],"84":[2],"85":[4],"86":[2],"87":[4],"88":[10],"89":[0],"90":[13],"91":[10],"92":[23],"93":[5],"94":[18],"95":[16],"96":[0],"97":[2],"98":[1],"99":[1],"100":[2],"101":[1],"102":[0],"103":[1],"104":[0],"105":[1],"106":[0],"107":[1],"108":[2],"109":[0],"110":[1],"111":[0],"112":[1],"113":[0],"114":[1],"115":[0],"116":[1],"117":[8],"118":[0],"119":[7],"120":[1],"121":[7],"122":[1],"123":[0],"124":[6],"125":[4],"126":[1],"127":[0],"128":[5],"129":[1],"130":[0],"131":[0],"132":[5],"133":[2],"134":[1],"135":[1],"136":[1],"137":[0],"138":[4],"139":[1],"140":[3],"141":[1],"142":[2],"143":[0],"144":[6],"145":[3],"146":[0],"147":[0],"148":[0],"149":[0],"150":[2],"151":[0],"152":[0],"153":[0],"154":[0],"155":[7],"156":[5],"157":[10],"158":[1],"159":[9],"160":[8],"161":[1],"162":[8],"163":[3],"164":[5],"165":[1],"166":[4],"167":[1],"168":[0],"169":[0],"170":[32],"171":[32],"172":[0],"173":[32],"174":[0],"175":[6],"176":[6],"177":[3],"178":[1],"179":[2],"180":[6],"181":[1],"182":[2],"183":[4],"184":[3],"185":[4],"186":[3],"187":[1],"188":[2],"189":[2],"190":[1],"191":[7],"192":[1],"193":[2],"194":[4],"195":[0],"196":[4],"197":[1],"198":[6],"199":[5],"200":[1],"201":[5],"202":[0],"203":[1],"204":[6],"205":[5],"206":[6],"207":[6],"208":[6],"209":[13],"210":[2],"211":[11],"212":[8],"213":[3],"214":[7],"215":[0],"216":[7],"217":[5],"218":[4],"219":[3],"220":[2],"221":[2],"222":[1],"223":[2],"224":[7],"225":[1],"226":[8]},"fnMap":{"0":{"name":"removeStaleClients","decl":{"start":{"line":47,"column":0},"end":{"line":66,"column":1}},"loc":{"start":{"line":47,"column":0},"end":{"line":66,"column":1}},"line":47},"1":{"name":"getSSEClientCount","decl":{"start":{"line":68,"column":7},"end":{"line":70,"column":1}},"loc":{"start":{"line":68,"column":7},"end":{"line":70,"column":1}},"line":68},"2":{"name":"evictOldestClients","decl":{"start":{"line":72,"column":0},"end":{"line":87,"column":1}},"loc":{"start":{"line":72,"column":0},"end":{"line":87,"column":1}},"line":72},"3":{"name":"broadcastToAllClients","decl":{"start":{"line":89,"column":0},"end":{"line":111,"column":1}},"loc":{"start":{"line":89,"column":0},"end":{"line":111,"column":1}},"line":89},"4":{"name":"pruneExpiredTokens","decl":{"start":{"line":113,"column":0},"end":{"line":118,"column":1}},"loc":{"start":{"line":113,"column":0},"end":{"line":118,"column":1}},"line":113},"5":{"name":"sendHeartbeat","decl":{"start":{"line":120,"column":0},"end":{"line":135,"column":1}},"loc":{"start":{"line":120,"column":0},"end":{"line":135,"column":1}},"line":120},"6":{"name":"startPeriodicCleanup","decl":{"start":{"line":137,"column":0},"end":{"line":151,"column":1}},"loc":{"start":{"line":137,"column":0},"end":{"line":151,"column":1}},"line":137},"7":{"name":"stopPeriodicCleanup","decl":{"start":{"line":153,"column":7},"end":{"line":162,"column":1}},"loc":{"start":{"line":153,"column":7},"end":{"line":162,"column":1}},"line":153},"8":{"name":"cleanupAllSSEClients","decl":{"start":{"line":167,"column":7},"end":{"line":176,"column":1}},"loc":{"start":{"line":167,"column":7},"end":{"line":176,"column":1}},"line":167},"9":{"name":"cleanupDashboardResources","decl":{"start":{"line":182,"column":7},"end":{"line":186,"column":1}},"loc":{"start":{"line":182,"column":7},"end":{"line":186,"column":1}},"line":182},"10":{"name":"isValidSessionToken","decl":{"start":{"line":188,"column":0},"end":{"line":192,"column":1}},"loc":{"start":{"line":188,"column":0},"end":{"line":192,"column":1}},"line":188},"11":{"name":"validateAndNormalizePath","decl":{"start":{"line":197,"column":0},"end":{"line":213,"column":1}},"loc":{"start":{"line":197,"column":0},"end":{"line":213,"column":1}},"line":197},"12":{"name":"checkGitRemoteAccess","decl":{"start":{"line":218,"column":0},"end":{"line":234,"column":1}},"loc":{"start":{"line":218,"column":0},"end":{"line":234,"column":1}},"line":218},"13":{"name":"checkLocalPath","decl":{"start":{"line":236,"column":0},"end":{"line":254,"column":1}},"loc":{"start":{"line":236,"column":0},"end":{"line":254,"column":1}},"line":236},"14":{"name":"checkDiskSpace","decl":{"start":{"line":256,"column":0},"end":{"line":284,"column":1}},"loc":{"start":{"line":256,"column":0},"end":{"line":284,"column":1}},"line":256},"15":{"name":"checkDependencies","decl":{"start":{"line":286,"column":0},"end":{"line":307,"column":1}},"loc":{"start":{"line":286,"column":0},"end":{"line":307,"column":1}},"line":286},"16":{"name":"applyConfigChanges","decl":{"start":{"line":312,"column":7},"end":{"line":346,"column":1}},"loc":{"start":{"line":312,"column":7},"end":{"line":346,"column":1}},"line":312},"17":{"name":"createDashboardRoutes","decl":{"start":{"line":355,"column":7},"end":{"line":1339,"column":1}},"loc":{"start":{"line":355,"column":7},"end":{"line":1339,"column":1}},"line":355},"18":{"name":"bearerAuth","decl":{"start":{"line":385,"column":23},"end":{"line":391,"column":6}},"loc":{"start":{"line":385,"column":23},"end":{"line":391,"column":6}},"line":385},"19":{"name":"sseTokenAuth","decl":{"start":{"line":405,"column":25},"end":{"line":411,"column":6}},"loc":{"start":{"line":405,"column":25},"end":{"line":411,"column":6}},"line":405},"20":{"name":"getErrorMessage2","decl":{"start":{"line":430,"column":26},"end":{"line":431,"column":61}},"loc":{"start":{"line":430,"column":26},"end":{"line":431,"column":61}},"line":430},"21":{"name":"start","decl":{"start":{"line":942,"column":6},"end":{"line":980,"column":8}},"loc":{"start":{"line":942,"column":6},"end":{"line":980,"column":8}},"line":942},"22":{"name":"sendInitialState","decl":{"start":{"line":958,"column":33},"end":{"line":967,"column":10}},"loc":{"start":{"line":958,"column":33},"end":{"line":967,"column":10}},"line":958},"23":{"name":"cancel","decl":{"start":{"line":981,"column":6},"end":{"line":984,"column":8}},"loc":{"start":{"line":981,"column":6},"end":{"line":984,"column":8}},"line":981},"24":{"name":"getCurrentVersion","decl":{"start":{"line":1000,"column":28},"end":{"line":1004,"column":4}},"loc":{"start":{"line":1000,"column":28},"end":{"line":1004,"column":4}},"line":1000}},"f":{"0":0,"1":22,"2":0,"3":12,"4":5,"5":0,"6":118,"7":150,"8":40,"9":7,"10":4,"11":22,"12":13,"13":13,"14":13,"15":13,"16":0,"17":118,"18":81,"19":4,"20":8,"21":32,"22":32,"23":0,"24":6}}
}
