{"total": {"lines":{"total":15857,"covered":13360,"skipped":0,"pct":84.25},"statements":{"total":15857,"covered":13360,"skipped":0,"pct":84.25},"functions":{"total":427,"covered":386,"skipped":0,"pct":90.39},"branches":{"total":2649,"covered":2244,"skipped":0,"pct":84.71},"branchesTrue":{"total":0,"covered":0,"skipped":0,"pct":100}}
,"/home/by/repository/.aq-worktrees/233-test-80/src/cli.ts": {"lines":{"total":787,"covered":0,"skipped":0,"pct":0},"functions":{"total":1,"covered":0,"skipped":0,"pct":0},"statements":{"total":787,"covered":0,"skipped":0,"pct":0},"branches":{"total":1,"covered":0,"skipped":0,"pct":0}}
,"/home/by/repository/.aq-worktrees/233-test-80/src/claude/claude-runner.ts": {"lines":{"total":340,"covered":279,"skipped":0,"pct":82.05},"functions":{"total":8,"covered":5,"skipped":0,"pct":62.5},"statements":{"total":340,"covered":279,"skipped":0,"pct":82.05},"branches":{"total":55,"covered":31,"skipped":0,"pct":56.36}}
,"/home/by/repository/.aq-worktrees/233-test-80/src/claude/model-router.ts": {"lines":{"total":106,"covered":72,"skipped":0,"pct":67.92},"functions":{"total":5,"covered":2,"skipped":0,"pct":40},"statements":{"total":106,"covered":72,"skipped":0,"pct":67.92},"branches":{"total":4,"covered":4,"skipped":0,"pct":100}}
,"/home/by/repository/.aq-worktrees/233-test-80/src/config/config-watcher.ts": {"lines":{"total":251,"covered":239,"skipped":0,"pct":95.21},"functions":{"total":12,"covered":12,"skipped":0,"pct":100},"statements":{"total":251,"covered":239,"skipped":0,"pct":95.21},"branches":{"total":49,"covered":42,"skipped":0,"pct":85.71}}
,"/home/by/repository/.aq-worktrees/233-test-80/src/config/defaults.ts": {"lines":{"total":156,"covered":156,"skipped":0,"pct":100},"functions":{"total":0,"covered":0,"skipped":0,"pct":100},"statements":{"total":156,"covered":156,"skipped":0,"pct":100},"branches":{"total":0,"covered":0,"skipped":0,"pct":100}}
,"/home/by/repository/.aq-worktrees/233-test-80/src/config/loader.ts": {"lines":{"total":538,"covered":509,"skipped":0,"pct":94.6},"functions":{"total":16,"covered":15,"skipped":0,"pct":93.75},"statements":{"total":538,"covered":509,"skipped":0,"pct":94.6},"branches":{"total":146,"covered":123,"skipped":0,"pct":84.24}}
,"/home/by/repository/.aq-worktrees/233-test-80/src/config/mode-presets.ts": {"lines":{"total":129,"covered":129,"skipped":0,"pct":100},"functions":{"total":4,"covered":4,"skipped":0,"pct":100},"statements":{"total":129,"covered":129,"skipped":0,"pct":100},"branches":{"total":14,"covered":14,"skipped":0,"pct":100}}
,"/home/by/repository/.aq-worktrees/233-test-80/src/config/project-resolver.ts": {"lines":{"total":112,"covered":108,"skipped":0,"pct":96.42},"functions":{"total":3,"covered":3,"skipped":0,"pct":100},"statements":{"total":112,"covered":108,"skipped":0,"pct":96.42},"branches":{"total":24,"covered":21,"skipped":0,"pct":87.5}}
,"/home/by/repository/.aq-worktrees/233-test-80/src/config/skill-loader.ts": {"lines":{"total":171,"covered":160,"skipped":0,"pct":93.56},"functions":{"total":3,"covered":3,"skipped":0,"pct":100},"statements":{"total":171,"covered":160,"skipped":0,"pct":93.56},"branches":{"total":39,"covered":35,"skipped":0,"pct":89.74}}
,"/home/by/repository/.aq-worktrees/233-test-80/src/config/validator.ts": {"lines":{"total":327,"covered":327,"skipped":0,"pct":100},"functions":{"total":3,"covered":3,"skipped":0,"pct":100},"statements":{"total":327,"covered":327,"skipped":0,"pct":100},"branches":{"total":16,"covered":16,"skipped":0,"pct":100}}
,"/home/by/repository/.aq-worktrees/233-test-80/src/git/branch-manager.ts": {"lines":{"total":219,"covered":122,"skipped":0,"pct":55.7},"functions":{"total":6,"covered":3,"skipped":0,"pct":50},"statements":{"total":219,"covered":122,"skipped":0,"pct":55.7},"branches":{"total":12,"covered":10,"skipped":0,"pct":83.33}}
,"/home/by/repository/.aq-worktrees/233-test-80/src/git/commit-helper.ts": {"lines":{"total":27,"covered":27,"skipped":0,"pct":100},"functions":{"total":2,"covered":2,"skipped":0,"pct":100},"statements":{"total":27,"covered":27,"skipped":0,"pct":100},"branches":{"total":4,"covered":4,"skipped":0,"pct":100}}
,"/home/by/repository/.aq-worktrees/233-test-80/src/git/diff-collector.ts": {"lines":{"total":75,"covered":75,"skipped":0,"pct":100},"functions":{"total":3,"covered":3,"skipped":0,"pct":100},"statements":{"total":75,"covered":75,"skipped":0,"pct":100},"branches":{"total":6,"covered":6,"skipped":0,"pct":100}}
,"/home/by/repository/.aq-worktrees/233-test-80/src/git/repo-lock.ts": {"lines":{"total":30,"covered":30,"skipped":0,"pct":100},"functions":{"total":1,"covered":1,"skipped":0,"pct":100},"statements":{"total":30,"covered":30,"skipped":0,"pct":100},"branches":{"total":5,"covered":5,"skipped":0,"pct":100}}
,"/home/by/repository/.aq-worktrees/233-test-80/src/git/worktree-cleaner.ts": {"lines":{"total":67,"covered":67,"skipped":0,"pct":100},"functions":{"total":2,"covered":2,"skipped":0,"pct":100},"statements":{"total":67,"covered":67,"skipped":0,"pct":100},"branches":{"total":15,"covered":14,"skipped":0,"pct":93.33}}
,"/home/by/repository/.aq-worktrees/233-test-80/src/git/worktree-manager.ts": {"lines":{"total":210,"covered":196,"skipped":0,"pct":93.33},"functions":{"total":6,"covered":6,"skipped":0,"pct":100},"statements":{"total":210,"covered":196,"skipped":0,"pct":93.33},"branches":{"total":27,"covered":21,"skipped":0,"pct":77.77}}
,"/home/by/repository/.aq-worktrees/233-test-80/src/github/issue-fetcher.ts": {"lines":{"total":58,"covered":58,"skipped":0,"pct":100},"functions":{"total":1,"covered":1,"skipped":0,"pct":100},"statements":{"total":58,"covered":58,"skipped":0,"pct":100},"branches":{"total":11,"covered":11,"skipped":0,"pct":100}}
,"/home/by/repository/.aq-worktrees/233-test-80/src/github/pr-creator.ts": {"lines":{"total":395,"covered":373,"skipped":0,"pct":94.43},"functions":{"total":7,"covered":7,"skipped":0,"pct":100},"statements":{"total":395,"covered":373,"skipped":0,"pct":94.43},"branches":{"total":78,"covered":62,"skipped":0,"pct":79.48}}
,"/home/by/repository/.aq-worktrees/233-test-80/src/learning/pattern-store.ts": {"lines":{"total":125,"covered":119,"skipped":0,"pct":95.2},"functions":{"total":10,"covered":10,"skipped":0,"pct":100},"statements":{"total":125,"covered":119,"skipped":0,"pct":95.2},"branches":{"total":49,"covered":44,"skipped":0,"pct":89.79}}
,"/home/by/repository/.aq-worktrees/233-test-80/src/notification/notifier.ts": {"lines":{"total":156,"covered":0,"skipped":0,"pct":0},"functions":{"total":1,"covered":0,"skipped":0,"pct":0},"statements":{"total":156,"covered":0,"skipped":0,"pct":0},"branches":{"total":1,"covered":0,"skipped":0,"pct":0}}
,"/home/by/repository/.aq-worktrees/233-test-80/src/pipeline/checkpoint.ts": {"lines":{"total":53,"covered":53,"skipped":0,"pct":100},"functions":{"total":4,"covered":4,"skipped":0,"pct":100},"statements":{"total":53,"covered":53,"skipped":0,"pct":100},"branches":{"total":8,"covered":8,"skipped":0,"pct":100}}
,"/home/by/repository/.aq-worktrees/233-test-80/src/pipeline/core-loop.ts": {"lines":{"total":327,"covered":316,"skipped":0,"pct":96.63},"functions":{"total":4,"covered":4,"skipped":0,"pct":100},"statements":{"total":327,"covered":316,"skipped":0,"pct":96.63},"branches":{"total":75,"covered":49,"skipped":0,"pct":65.33}}
,"/home/by/repository/.aq-worktrees/233-test-80/src/pipeline/dependency-installer.ts": {"lines":{"total":30,"covered":30,"skipped":0,"pct":100},"functions":{"total":1,"covered":1,"skipped":0,"pct":100},"statements":{"total":30,"covered":30,"skipped":0,"pct":100},"branches":{"total":7,"covered":7,"skipped":0,"pct":100}}
,"/home/by/repository/.aq-worktrees/233-test-80/src/pipeline/error-classifier.ts": {"lines":{"total":27,"covered":27,"skipped":0,"pct":100},"functions":{"total":1,"covered":1,"skipped":0,"pct":100},"statements":{"total":27,"covered":27,"skipped":0,"pct":100},"branches":{"total":41,"covered":41,"skipped":0,"pct":100}}
,"/home/by/repository/.aq-worktrees/233-test-80/src/pipeline/feasibility-checker.ts": {"lines":{"total":166,"covered":166,"skipped":0,"pct":100},"functions":{"total":5,"covered":5,"skipped":0,"pct":100},"statements":{"total":166,"covered":166,"skipped":0,"pct":100},"branches":{"total":26,"covered":24,"skipped":0,"pct":92.3}}
,"/home/by/repository/.aq-worktrees/233-test-80/src/pipeline/final-validator.ts": {"lines":{"total":86,"covered":86,"skipped":0,"pct":100},"functions":{"total":2,"covered":2,"skipped":0,"pct":100},"statements":{"total":86,"covered":86,"skipped":0,"pct":100},"branches":{"total":22,"covered":21,"skipped":0,"pct":95.45}}
,"/home/by/repository/.aq-worktrees/233-test-80/src/pipeline/issue-orchestrator.ts": {"lines":{"total":156,"covered":0,"skipped":0,"pct":0},"functions":{"total":1,"covered":0,"skipped":0,"pct":0},"statements":{"total":156,"covered":0,"skipped":0,"pct":0},"branches":{"total":1,"covered":0,"skipped":0,"pct":0}}
,"/home/by/repository/.aq-worktrees/233-test-80/src/pipeline/orchestrator.ts": {"lines":{"total":189,"covered":183,"skipped":0,"pct":96.82},"functions":{"total":1,"covered":1,"skipped":0,"pct":100},"statements":{"total":189,"covered":183,"skipped":0,"pct":96.82},"branches":{"total":22,"covered":17,"skipped":0,"pct":77.27}}
,"/home/by/repository/.aq-worktrees/233-test-80/src/pipeline/phase-executor.ts": {"lines":{"total":188,"covered":173,"skipped":0,"pct":92.02},"functions":{"total":3,"covered":2,"skipped":0,"pct":66.66},"statements":{"total":188,"covered":173,"skipped":0,"pct":92.02},"branches":{"total":24,"covered":18,"skipped":0,"pct":75}}
,"/home/by/repository/.aq-worktrees/233-test-80/src/pipeline/phase-retry.ts": {"lines":{"total":210,"covered":210,"skipped":0,"pct":100},"functions":{"total":4,"covered":4,"skipped":0,"pct":100},"statements":{"total":210,"covered":210,"skipped":0,"pct":100},"branches":{"total":33,"covered":33,"skipped":0,"pct":100}}
,"/home/by/repository/.aq-worktrees/233-test-80/src/pipeline/phase-scheduler.ts": {"lines":{"total":258,"covered":251,"skipped":0,"pct":97.28},"functions":{"total":5,"covered":5,"skipped":0,"pct":100},"statements":{"total":258,"covered":251,"skipped":0,"pct":97.28},"branches":{"total":67,"covered":61,"skipped":0,"pct":91.04}}
,"/home/by/repository/.aq-worktrees/233-test-80/src/pipeline/pipeline-context.ts": {"lines":{"total":137,"covered":135,"skipped":0,"pct":98.54},"functions":{"total":4,"covered":4,"skipped":0,"pct":100},"statements":{"total":137,"covered":135,"skipped":0,"pct":98.54},"branches":{"total":24,"covered":20,"skipped":0,"pct":83.33}}
,"/home/by/repository/.aq-worktrees/233-test-80/src/pipeline/pipeline-error-handler.ts": {"lines":{"total":125,"covered":125,"skipped":0,"pct":100},"functions":{"total":1,"covered":1,"skipped":0,"pct":100},"statements":{"total":125,"covered":125,"skipped":0,"pct":100},"branches":{"total":20,"covered":18,"skipped":0,"pct":90}}
,"/home/by/repository/.aq-worktrees/233-test-80/src/pipeline/pipeline-git-setup.ts": {"lines":{"total":245,"covered":219,"skipped":0,"pct":89.38},"functions":{"total":3,"covered":3,"skipped":0,"pct":100},"statements":{"total":245,"covered":219,"skipped":0,"pct":89.38},"branches":{"total":32,"covered":29,"skipped":0,"pct":90.62}}
,"/home/by/repository/.aq-worktrees/233-test-80/src/pipeline/pipeline-phases.ts": {"lines":{"total":498,"covered":454,"skipped":0,"pct":91.16},"functions":{"total":5,"covered":5,"skipped":0,"pct":100},"statements":{"total":498,"covered":454,"skipped":0,"pct":91.16},"branches":{"total":37,"covered":20,"skipped":0,"pct":54.05}}
,"/home/by/repository/.aq-worktrees/233-test-80/src/pipeline/pipeline-publish.ts": {"lines":{"total":352,"covered":344,"skipped":0,"pct":97.72},"functions":{"total":4,"covered":4,"skipped":0,"pct":100},"statements":{"total":352,"covered":344,"skipped":0,"pct":97.72},"branches":{"total":84,"covered":74,"skipped":0,"pct":88.09}}
,"/home/by/repository/.aq-worktrees/233-test-80/src/pipeline/pipeline-review.ts": {"lines":{"total":374,"covered":359,"skipped":0,"pct":95.98},"functions":{"total":10,"covered":10,"skipped":0,"pct":100},"statements":{"total":374,"covered":359,"skipped":0,"pct":95.98},"branches":{"total":87,"covered":75,"skipped":0,"pct":86.2}}
,"/home/by/repository/.aq-worktrees/233-test-80/src/pipeline/pipeline-setup.ts": {"lines":{"total":234,"covered":204,"skipped":0,"pct":87.17},"functions":{"total":5,"covered":5,"skipped":0,"pct":100},"statements":{"total":234,"covered":204,"skipped":0,"pct":87.17},"branches":{"total":31,"covered":30,"skipped":0,"pct":96.77}}
,"/home/by/repository/.aq-worktrees/233-test-80/src/pipeline/pipeline-validation.ts": {"lines":{"total":191,"covered":189,"skipped":0,"pct":98.95},"functions":{"total":8,"covered":8,"skipped":0,"pct":100},"statements":{"total":191,"covered":189,"skipped":0,"pct":98.95},"branches":{"total":36,"covered":32,"skipped":0,"pct":88.88}}
,"/home/by/repository/.aq-worktrees/233-test-80/src/pipeline/plan-generator.ts": {"lines":{"total":725,"covered":591,"skipped":0,"pct":81.51},"functions":{"total":20,"covered":16,"skipped":0,"pct":80},"statements":{"total":725,"covered":591,"skipped":0,"pct":81.51},"branches":{"total":116,"covered":81,"skipped":0,"pct":69.82}}
,"/home/by/repository/.aq-worktrees/233-test-80/src/pipeline/progress-tracker.ts": {"lines":{"total":73,"covered":55,"skipped":0,"pct":75.34},"functions":{"total":3,"covered":1,"skipped":0,"pct":33.33},"statements":{"total":73,"covered":55,"skipped":0,"pct":75.34},"branches":{"total":2,"covered":1,"skipped":0,"pct":50}}
,"/home/by/repository/.aq-worktrees/233-test-80/src/pipeline/result-reporter.ts": {"lines":{"total":85,"covered":85,"skipped":0,"pct":100},"functions":{"total":2,"covered":2,"skipped":0,"pct":100},"statements":{"total":85,"covered":85,"skipped":0,"pct":100},"branches":{"total":16,"covered":16,"skipped":0,"pct":100}}
,"/home/by/repository/.aq-worktrees/233-test-80/src/pipeline/retry-with-fix.ts": {"lines":{"total":219,"covered":215,"skipped":0,"pct":98.17},"functions":{"total":3,"covered":3,"skipped":0,"pct":100},"statements":{"total":219,"covered":215,"skipped":0,"pct":98.17},"branches":{"total":25,"covered":23,"skipped":0,"pct":92}}
,"/home/by/repository/.aq-worktrees/233-test-80/src/polling/issue-poller.ts": {"lines":{"total":264,"covered":242,"skipped":0,"pct":91.66},"functions":{"total":12,"covered":9,"skipped":0,"pct":75},"statements":{"total":264,"covered":242,"skipped":0,"pct":91.66},"branches":{"total":57,"covered":52,"skipped":0,"pct":91.22}}
,"/home/by/repository/.aq-worktrees/233-test-80/src/prompt/template-renderer.ts": {"lines":{"total":76,"covered":61,"skipped":0,"pct":80.26},"functions":{"total":3,"covered":3,"skipped":0,"pct":100},"statements":{"total":76,"covered":61,"skipped":0,"pct":80.26},"branches":{"total":23,"covered":18,"skipped":0,"pct":78.26}}
,"/home/by/repository/.aq-worktrees/233-test-80/src/queue/dependency-resolver.ts": {"lines":{"total":186,"covered":181,"skipped":0,"pct":97.31},"functions":{"total":5,"covered":5,"skipped":0,"pct":100},"statements":{"total":186,"covered":181,"skipped":0,"pct":97.31},"branches":{"total":46,"covered":43,"skipped":0,"pct":93.47}}
,"/home/by/repository/.aq-worktrees/233-test-80/src/queue/job-logger.ts": {"lines":{"total":34,"covered":34,"skipped":0,"pct":100},"functions":{"total":5,"covered":5,"skipped":0,"pct":100},"statements":{"total":34,"covered":34,"skipped":0,"pct":100},"branches":{"total":8,"covered":8,"skipped":0,"pct":100}}
,"/home/by/repository/.aq-worktrees/233-test-80/src/queue/job-queue.ts": {"lines":{"total":451,"covered":321,"skipped":0,"pct":71.17},"functions":{"total":14,"covered":10,"skipped":0,"pct":71.42},"statements":{"total":451,"covered":321,"skipped":0,"pct":71.17},"branches":{"total":65,"covered":52,"skipped":0,"pct":80}}
,"/home/by/repository/.aq-worktrees/233-test-80/src/queue/job-store.ts": {"lines":{"total":359,"covered":322,"skipped":0,"pct":89.69},"functions":{"total":22,"covered":20,"skipped":0,"pct":90.9},"statements":{"total":359,"covered":322,"skipped":0,"pct":89.69},"branches":{"total":86,"covered":74,"skipped":0,"pct":86.04}}
,"/home/by/repository/.aq-worktrees/233-test-80/src/review/analyst-runner.ts": {"lines":{"total":261,"covered":251,"skipped":0,"pct":96.16},"functions":{"total":9,"covered":9,"skipped":0,"pct":100},"statements":{"total":261,"covered":251,"skipped":0,"pct":96.16},"branches":{"total":50,"covered":35,"skipped":0,"pct":70}}
,"/home/by/repository/.aq-worktrees/233-test-80/src/review/diff-splitter.ts": {"lines":{"total":188,"covered":188,"skipped":0,"pct":100},"functions":{"total":5,"covered":5,"skipped":0,"pct":100},"statements":{"total":188,"covered":188,"skipped":0,"pct":100},"branches":{"total":30,"covered":30,"skipped":0,"pct":100}}
,"/home/by/repository/.aq-worktrees/233-test-80/src/review/finding-formatter.ts": {"lines":{"total":61,"covered":61,"skipped":0,"pct":100},"functions":{"total":4,"covered":4,"skipped":0,"pct":100},"statements":{"total":61,"covered":61,"skipped":0,"pct":100},"branches":{"total":16,"covered":16,"skipped":0,"pct":100}}
,"/home/by/repository/.aq-worktrees/233-test-80/src/review/result-merger.ts": {"lines":{"total":111,"covered":111,"skipped":0,"pct":100},"functions":{"total":3,"covered":3,"skipped":0,"pct":100},"statements":{"total":111,"covered":111,"skipped":0,"pct":100},"branches":{"total":28,"covered":28,"skipped":0,"pct":100}}
,"/home/by/repository/.aq-worktrees/233-test-80/src/review/review-orchestrator.ts": {"lines":{"total":356,"covered":346,"skipped":0,"pct":97.19},"functions":{"total":5,"covered":5,"skipped":0,"pct":100},"statements":{"total":356,"covered":346,"skipped":0,"pct":97.19},"branches":{"total":50,"covered":32,"skipped":0,"pct":64}}
,"/home/by/repository/.aq-worktrees/233-test-80/src/review/review-runner.ts": {"lines":{"total":72,"covered":72,"skipped":0,"pct":100},"functions":{"total":1,"covered":1,"skipped":0,"pct":100},"statements":{"total":72,"covered":72,"skipped":0,"pct":100},"branches":{"total":9,"covered":6,"skipped":0,"pct":66.66}}
,"/home/by/repository/.aq-worktrees/233-test-80/src/review/simplify-runner.ts": {"lines":{"total":106,"covered":106,"skipped":0,"pct":100},"functions":{"total":1,"covered":1,"skipped":0,"pct":100},"statements":{"total":106,"covered":106,"skipped":0,"pct":100},"branches":{"total":9,"covered":9,"skipped":0,"pct":100}}
,"/home/by/repository/.aq-worktrees/233-test-80/src/review/token-estimator.ts": {"lines":{"total":406,"covered":393,"skipped":0,"pct":96.79},"functions":{"total":9,"covered":9,"skipped":0,"pct":100},"statements":{"total":406,"covered":393,"skipped":0,"pct":96.79},"branches":{"total":120,"covered":112,"skipped":0,"pct":93.33}}
,"/home/by/repository/.aq-worktrees/233-test-80/src/safety/base-branch-guard.ts": {"lines":{"total":25,"covered":25,"skipped":0,"pct":100},"functions":{"total":1,"covered":1,"skipped":0,"pct":100},"statements":{"total":25,"covered":25,"skipped":0,"pct":100},"branches":{"total":4,"covered":4,"skipped":0,"pct":100}}
,"/home/by/repository/.aq-worktrees/233-test-80/src/safety/change-limit-guard.ts": {"lines":{"total":41,"covered":41,"skipped":0,"pct":100},"functions":{"total":1,"covered":1,"skipped":0,"pct":100},"statements":{"total":41,"covered":41,"skipped":0,"pct":100},"branches":{"total":5,"covered":5,"skipped":0,"pct":100}}
,"/home/by/repository/.aq-worktrees/233-test-80/src/safety/label-filter.ts": {"lines":{"total":13,"covered":13,"skipped":0,"pct":100},"functions":{"total":1,"covered":1,"skipped":0,"pct":100},"statements":{"total":13,"covered":13,"skipped":0,"pct":100},"branches":{"total":4,"covered":4,"skipped":0,"pct":100}}
,"/home/by/repository/.aq-worktrees/233-test-80/src/safety/phase-limit-guard.ts": {"lines":{"total":17,"covered":17,"skipped":0,"pct":100},"functions":{"total":1,"covered":1,"skipped":0,"pct":100},"statements":{"total":17,"covered":17,"skipped":0,"pct":100},"branches":{"total":2,"covered":2,"skipped":0,"pct":100}}
,"/home/by/repository/.aq-worktrees/233-test-80/src/safety/rollback-manager.ts": {"lines":{"total":136,"covered":136,"skipped":0,"pct":100},"functions":{"total":3,"covered":3,"skipped":0,"pct":100},"statements":{"total":136,"covered":136,"skipped":0,"pct":100},"branches":{"total":18,"covered":15,"skipped":0,"pct":83.33}}
,"/home/by/repository/.aq-worktrees/233-test-80/src/safety/safety-checker.ts": {"lines":{"total":86,"covered":86,"skipped":0,"pct":100},"functions":{"total":3,"covered":3,"skipped":0,"pct":100},"statements":{"total":86,"covered":86,"skipped":0,"pct":100},"branches":{"total":8,"covered":8,"skipped":0,"pct":100}}
,"/home/by/repository/.aq-worktrees/233-test-80/src/safety/sensitive-path-guard.ts": {"lines":{"total":29,"covered":29,"skipped":0,"pct":100},"functions":{"total":1,"covered":1,"skipped":0,"pct":100},"statements":{"total":29,"covered":29,"skipped":0,"pct":100},"branches":{"total":5,"covered":5,"skipped":0,"pct":100}}
,"/home/by/repository/.aq-worktrees/233-test-80/src/safety/stop-condition-watcher.ts": {"lines":{"total":21,"covered":21,"skipped":0,"pct":100},"functions":{"total":1,"covered":1,"skipped":0,"pct":100},"statements":{"total":21,"covered":21,"skipped":0,"pct":100},"branches":{"total":4,"covered":4,"skipped":0,"pct":100}}
,"/home/by/repository/.aq-worktrees/233-test-80/src/safety/timeout-manager.ts": {"lines":{"total":60,"covered":60,"skipped":0,"pct":100},"functions":{"total":7,"covered":7,"skipped":0,"pct":100},"statements":{"total":60,"covered":60,"skipped":0,"pct":100},"branches":{"total":12,"covered":12,"skipped":0,"pct":100}}
,"/home/by/repository/.aq-worktrees/233-test-80/src/server/dashboard-api.ts": {"lines":{"total":779,"covered":551,"skipped":0,"pct":70.73},"functions":{"total":17,"covered":13,"skipped":0,"pct":76.47},"statements":{"total":779,"covered":551,"skipped":0,"pct":70.73},"branches":{"total":133,"covered":110,"skipped":0,"pct":82.7}}
,"/home/by/repository/.aq-worktrees/233-test-80/src/server/event-dispatcher.ts": {"lines":{"total":108,"covered":87,"skipped":0,"pct":80.55},"functions":{"total":1,"covered":1,"skipped":0,"pct":100},"statements":{"total":108,"covered":87,"skipped":0,"pct":80.55},"branches":{"total":19,"covered":13,"skipped":0,"pct":68.42}}
,"/home/by/repository/.aq-worktrees/233-test-80/src/server/health.ts": {"lines":{"total":23,"covered":23,"skipped":0,"pct":100},"functions":{"total":1,"covered":1,"skipped":0,"pct":100},"statements":{"total":23,"covered":23,"skipped":0,"pct":100},"branches":{"total":2,"covered":2,"skipped":0,"pct":100}}
,"/home/by/repository/.aq-worktrees/233-test-80/src/server/pid-manager.ts": {"lines":{"total":97,"covered":85,"skipped":0,"pct":87.62},"functions":{"total":6,"covered":6,"skipped":0,"pct":100},"statements":{"total":97,"covered":85,"skipped":0,"pct":87.62},"branches":{"total":28,"covered":21,"skipped":0,"pct":75}}
,"/home/by/repository/.aq-worktrees/233-test-80/src/server/webhook-server.ts": {"lines":{"total":88,"covered":0,"skipped":0,"pct":0},"functions":{"total":1,"covered":0,"skipped":0,"pct":0},"statements":{"total":88,"covered":0,"skipped":0,"pct":0},"branches":{"total":1,"covered":0,"skipped":0,"pct":0}}
,"/home/by/repository/.aq-worktrees/233-test-80/src/server/webhook-validator.ts": {"lines":{"total":20,"covered":20,"skipped":0,"pct":100},"functions":{"total":1,"covered":1,"skipped":0,"pct":100},"statements":{"total":20,"covered":20,"skipped":0,"pct":100},"branches":{"total":4,"covered":4,"skipped":0,"pct":100}}
,"/home/by/repository/.aq-worktrees/233-test-80/src/setup/doctor.ts": {"lines":{"total":318,"covered":256,"skipped":0,"pct":80.5},"functions":{"total":17,"covered":17,"skipped":0,"pct":100},"statements":{"total":318,"covered":256,"skipped":0,"pct":80.5},"branches":{"total":75,"covered":51,"skipped":0,"pct":68}}
,"/home/by/repository/.aq-worktrees/233-test-80/src/setup/init-command.ts": {"lines":{"total":150,"covered":150,"skipped":0,"pct":100},"functions":{"total":3,"covered":3,"skipped":0,"pct":100},"statements":{"total":150,"covered":150,"skipped":0,"pct":100},"branches":{"total":39,"covered":37,"skipped":0,"pct":94.87}}
,"/home/by/repository/.aq-worktrees/233-test-80/src/setup/prompt-utils.ts": {"lines":{"total":98,"covered":98,"skipped":0,"pct":100},"functions":{"total":9,"covered":9,"skipped":0,"pct":100},"statements":{"total":98,"covered":98,"skipped":0,"pct":100},"branches":{"total":24,"covered":21,"skipped":0,"pct":87.5}}
,"/home/by/repository/.aq-worktrees/233-test-80/src/setup/setup-wizard.ts": {"lines":{"total":290,"covered":210,"skipped":0,"pct":72.41},"functions":{"total":4,"covered":3,"skipped":0,"pct":75},"statements":{"total":290,"covered":210,"skipped":0,"pct":72.41},"branches":{"total":47,"covered":41,"skipped":0,"pct":87.23}}
,"/home/by/repository/.aq-worktrees/233-test-80/src/setup/validators.ts": {"lines":{"total":196,"covered":187,"skipped":0,"pct":95.4},"functions":{"total":5,"covered":4,"skipped":0,"pct":80},"statements":{"total":196,"covered":187,"skipped":0,"pct":95.4},"branches":{"total":34,"covered":33,"skipped":0,"pct":97.05}}
,"/home/by/repository/.aq-worktrees/233-test-80/src/types/api.ts": {"lines":{"total":169,"covered":169,"skipped":0,"pct":100},"functions":{"total":1,"covered":0,"skipped":0,"pct":0},"statements":{"total":169,"covered":169,"skipped":0,"pct":100},"branches":{"total":0,"covered":0,"skipped":0,"pct":100}}
,"/home/by/repository/.aq-worktrees/233-test-80/src/types/errors.ts": {"lines":{"total":52,"covered":49,"skipped":0,"pct":94.23},"functions":{"total":5,"covered":4,"skipped":0,"pct":80},"statements":{"total":52,"covered":49,"skipped":0,"pct":94.23},"branches":{"total":4,"covered":4,"skipped":0,"pct":100}}
,"/home/by/repository/.aq-worktrees/233-test-80/src/update/self-updater.ts": {"lines":{"total":166,"covered":166,"skipped":0,"pct":100},"functions":{"total":7,"covered":7,"skipped":0,"pct":100},"statements":{"total":166,"covered":166,"skipped":0,"pct":100},"branches":{"total":26,"covered":26,"skipped":0,"pct":100}}
,"/home/by/repository/.aq-worktrees/233-test-80/src/utils/cli-runner.ts": {"lines":{"total":178,"covered":152,"skipped":0,"pct":85.39},"functions":{"total":7,"covered":5,"skipped":0,"pct":71.42},"statements":{"total":178,"covered":152,"skipped":0,"pct":85.39},"branches":{"total":34,"covered":25,"skipped":0,"pct":73.52}}
,"/home/by/repository/.aq-worktrees/233-test-80/src/utils/config-masker.ts": {"lines":{"total":61,"covered":61,"skipped":0,"pct":100},"functions":{"total":3,"covered":3,"skipped":0,"pct":100},"statements":{"total":61,"covered":61,"skipped":0,"pct":100},"branches":{"total":17,"covered":17,"skipped":0,"pct":100}}
,"/home/by/repository/.aq-worktrees/233-test-80/src/utils/error-sanitizer.ts": {"lines":{"total":116,"covered":114,"skipped":0,"pct":98.27},"functions":{"total":4,"covered":4,"skipped":0,"pct":100},"statements":{"total":116,"covered":114,"skipped":0,"pct":98.27},"branches":{"total":43,"covered":42,"skipped":0,"pct":97.67}}
,"/home/by/repository/.aq-worktrees/233-test-80/src/utils/error-utils.ts": {"lines":{"total":11,"covered":9,"skipped":0,"pct":81.81},"functions":{"total":1,"covered":1,"skipped":0,"pct":100},"statements":{"total":11,"covered":9,"skipped":0,"pct":81.81},"branches":{"total":2,"covered":1,"skipped":0,"pct":50}}
,"/home/by/repository/.aq-worktrees/233-test-80/src/utils/logger.ts": {"lines":{"total":51,"covered":47,"skipped":0,"pct":92.15},"functions":{"total":7,"covered":6,"skipped":0,"pct":85.71},"statements":{"total":51,"covered":47,"skipped":0,"pct":92.15},"branches":{"total":7,"covered":6,"skipped":0,"pct":85.71}}
,"/home/by/repository/.aq-worktrees/233-test-80/src/utils/rate-limiter.ts": {"lines":{"total":218,"covered":213,"skipped":0,"pct":97.7},"functions":{"total":13,"covered":13,"skipped":0,"pct":100},"statements":{"total":218,"covered":213,"skipped":0,"pct":97.7},"branches":{"total":45,"covered":42,"skipped":0,"pct":93.33}}
,"/home/by/repository/.aq-worktrees/233-test-80/src/utils/slug.ts": {"lines":{"total":82,"covered":80,"skipped":0,"pct":97.56},"functions":{"total":4,"covered":4,"skipped":0,"pct":100},"statements":{"total":82,"covered":80,"skipped":0,"pct":97.56},"branches":{"total":14,"covered":13,"skipped":0,"pct":92.85}}
}
