{"total": {"lines":{"total":13399,"covered":10886,"skipped":0,"pct":81.24},"statements":{"total":13399,"covered":10886,"skipped":0,"pct":81.24},"functions":{"total":362,"covered":324,"skipped":0,"pct":89.5},"branches":{"total":2139,"covered":1824,"skipped":0,"pct":85.27},"branchesTrue":{"total":0,"covered":0,"skipped":0,"pct":100}}
,"/home/by/repository/.aq-worktrees/208-test-80/src/cli.ts": {"lines":{"total":770,"covered":0,"skipped":0,"pct":0},"functions":{"total":1,"covered":0,"skipped":0,"pct":0},"statements":{"total":770,"covered":0,"skipped":0,"pct":0},"branches":{"total":1,"covered":0,"skipped":0,"pct":0}}
,"/home/by/repository/.aq-worktrees/208-test-80/src/claude/claude-runner.ts": {"lines":{"total":283,"covered":79,"skipped":0,"pct":27.91},"functions":{"total":5,"covered":1,"skipped":0,"pct":20},"statements":{"total":283,"covered":79,"skipped":0,"pct":27.91},"branches":{"total":19,"covered":13,"skipped":0,"pct":68.42}}
,"/home/by/repository/.aq-worktrees/208-test-80/src/claude/model-router.ts": {"lines":{"total":22,"covered":22,"skipped":0,"pct":100},"functions":{"total":2,"covered":2,"skipped":0,"pct":100},"statements":{"total":22,"covered":22,"skipped":0,"pct":100},"branches":{"total":4,"covered":4,"skipped":0,"pct":100}}
,"/home/by/repository/.aq-worktrees/208-test-80/src/config/config-watcher.ts": {"lines":{"total":180,"covered":175,"skipped":0,"pct":97.22},"functions":{"total":9,"covered":9,"skipped":0,"pct":100},"statements":{"total":180,"covered":175,"skipped":0,"pct":97.22},"branches":{"total":35,"covered":31,"skipped":0,"pct":88.57}}
,"/home/by/repository/.aq-worktrees/208-test-80/src/config/defaults.ts": {"lines":{"total":119,"covered":119,"skipped":0,"pct":100},"functions":{"total":0,"covered":0,"skipped":0,"pct":100},"statements":{"total":119,"covered":119,"skipped":0,"pct":100},"branches":{"total":0,"covered":0,"skipped":0,"pct":100}}
,"/home/by/repository/.aq-worktrees/208-test-80/src/config/loader.ts": {"lines":{"total":521,"covered":492,"skipped":0,"pct":94.43},"functions":{"total":14,"covered":13,"skipped":0,"pct":92.85},"statements":{"total":521,"covered":492,"skipped":0,"pct":94.43},"branches":{"total":144,"covered":121,"skipped":0,"pct":84.02}}
,"/home/by/repository/.aq-worktrees/208-test-80/src/config/mode-presets.ts": {"lines":{"total":59,"covered":54,"skipped":0,"pct":91.52},"functions":{"total":2,"covered":2,"skipped":0,"pct":100},"statements":{"total":59,"covered":54,"skipped":0,"pct":91.52},"branches":{"total":3,"covered":2,"skipped":0,"pct":66.66}}
,"/home/by/repository/.aq-worktrees/208-test-80/src/config/project-resolver.ts": {"lines":{"total":112,"covered":108,"skipped":0,"pct":96.42},"functions":{"total":3,"covered":3,"skipped":0,"pct":100},"statements":{"total":112,"covered":108,"skipped":0,"pct":96.42},"branches":{"total":24,"covered":21,"skipped":0,"pct":87.5}}
,"/home/by/repository/.aq-worktrees/208-test-80/src/config/skill-loader.ts": {"lines":{"total":171,"covered":160,"skipped":0,"pct":93.56},"functions":{"total":3,"covered":3,"skipped":0,"pct":100},"statements":{"total":171,"covered":160,"skipped":0,"pct":93.56},"branches":{"total":39,"covered":35,"skipped":0,"pct":89.74}}
,"/home/by/repository/.aq-worktrees/208-test-80/src/config/validator.ts": {"lines":{"total":316,"covered":316,"skipped":0,"pct":100},"functions":{"total":3,"covered":3,"skipped":0,"pct":100},"statements":{"total":316,"covered":316,"skipped":0,"pct":100},"branches":{"total":16,"covered":16,"skipped":0,"pct":100}}
,"/home/by/repository/.aq-worktrees/208-test-80/src/git/branch-manager.ts": {"lines":{"total":218,"covered":121,"skipped":0,"pct":55.5},"functions":{"total":6,"covered":3,"skipped":0,"pct":50},"statements":{"total":218,"covered":121,"skipped":0,"pct":55.5},"branches":{"total":12,"covered":10,"skipped":0,"pct":83.33}}
,"/home/by/repository/.aq-worktrees/208-test-80/src/git/commit-helper.ts": {"lines":{"total":27,"covered":27,"skipped":0,"pct":100},"functions":{"total":2,"covered":2,"skipped":0,"pct":100},"statements":{"total":27,"covered":27,"skipped":0,"pct":100},"branches":{"total":4,"covered":4,"skipped":0,"pct":100}}
,"/home/by/repository/.aq-worktrees/208-test-80/src/git/diff-collector.ts": {"lines":{"total":75,"covered":75,"skipped":0,"pct":100},"functions":{"total":3,"covered":3,"skipped":0,"pct":100},"statements":{"total":75,"covered":75,"skipped":0,"pct":100},"branches":{"total":6,"covered":6,"skipped":0,"pct":100}}
,"/home/by/repository/.aq-worktrees/208-test-80/src/git/repo-lock.ts": {"lines":{"total":30,"covered":30,"skipped":0,"pct":100},"functions":{"total":1,"covered":1,"skipped":0,"pct":100},"statements":{"total":30,"covered":30,"skipped":0,"pct":100},"branches":{"total":5,"covered":5,"skipped":0,"pct":100}}
,"/home/by/repository/.aq-worktrees/208-test-80/src/git/worktree-cleaner.ts": {"lines":{"total":67,"covered":67,"skipped":0,"pct":100},"functions":{"total":2,"covered":2,"skipped":0,"pct":100},"statements":{"total":67,"covered":67,"skipped":0,"pct":100},"branches":{"total":15,"covered":14,"skipped":0,"pct":93.33}}
,"/home/by/repository/.aq-worktrees/208-test-80/src/git/worktree-manager.ts": {"lines":{"total":181,"covered":169,"skipped":0,"pct":93.37},"functions":{"total":5,"covered":5,"skipped":0,"pct":100},"statements":{"total":181,"covered":169,"skipped":0,"pct":93.37},"branches":{"total":22,"covered":17,"skipped":0,"pct":77.27}}
,"/home/by/repository/.aq-worktrees/208-test-80/src/github/issue-fetcher.ts": {"lines":{"total":57,"covered":57,"skipped":0,"pct":100},"functions":{"total":1,"covered":1,"skipped":0,"pct":100},"statements":{"total":57,"covered":57,"skipped":0,"pct":100},"branches":{"total":12,"covered":12,"skipped":0,"pct":100}}
,"/home/by/repository/.aq-worktrees/208-test-80/src/github/pr-creator.ts": {"lines":{"total":390,"covered":368,"skipped":0,"pct":94.35},"functions":{"total":7,"covered":7,"skipped":0,"pct":100},"statements":{"total":390,"covered":368,"skipped":0,"pct":94.35},"branches":{"total":74,"covered":62,"skipped":0,"pct":83.78}}
,"/home/by/repository/.aq-worktrees/208-test-80/src/learning/pattern-store.ts": {"lines":{"total":124,"covered":119,"skipped":0,"pct":95.96},"functions":{"total":10,"covered":10,"skipped":0,"pct":100},"statements":{"total":124,"covered":119,"skipped":0,"pct":95.96},"branches":{"total":49,"covered":44,"skipped":0,"pct":89.79}}
,"/home/by/repository/.aq-worktrees/208-test-80/src/notification/notifier.ts": {"lines":{"total":156,"covered":0,"skipped":0,"pct":0},"functions":{"total":1,"covered":0,"skipped":0,"pct":0},"statements":{"total":156,"covered":0,"skipped":0,"pct":0},"branches":{"total":1,"covered":0,"skipped":0,"pct":0}}
,"/home/by/repository/.aq-worktrees/208-test-80/src/pipeline/checkpoint.ts": {"lines":{"total":52,"covered":52,"skipped":0,"pct":100},"functions":{"total":4,"covered":4,"skipped":0,"pct":100},"statements":{"total":52,"covered":52,"skipped":0,"pct":100},"branches":{"total":8,"covered":8,"skipped":0,"pct":100}}
,"/home/by/repository/.aq-worktrees/208-test-80/src/pipeline/core-loop.ts": {"lines":{"total":261,"covered":251,"skipped":0,"pct":96.16},"functions":{"total":2,"covered":2,"skipped":0,"pct":100},"statements":{"total":261,"covered":251,"skipped":0,"pct":96.16},"branches":{"total":57,"covered":37,"skipped":0,"pct":64.91}}
,"/home/by/repository/.aq-worktrees/208-test-80/src/pipeline/dependency-installer.ts": {"lines":{"total":30,"covered":30,"skipped":0,"pct":100},"functions":{"total":1,"covered":1,"skipped":0,"pct":100},"statements":{"total":30,"covered":30,"skipped":0,"pct":100},"branches":{"total":7,"covered":7,"skipped":0,"pct":100}}
,"/home/by/repository/.aq-worktrees/208-test-80/src/pipeline/error-classifier.ts": {"lines":{"total":21,"covered":21,"skipped":0,"pct":100},"functions":{"total":1,"covered":1,"skipped":0,"pct":100},"statements":{"total":21,"covered":21,"skipped":0,"pct":100},"branches":{"total":28,"covered":28,"skipped":0,"pct":100}}
,"/home/by/repository/.aq-worktrees/208-test-80/src/pipeline/final-validator.ts": {"lines":{"total":82,"covered":82,"skipped":0,"pct":100},"functions":{"total":2,"covered":2,"skipped":0,"pct":100},"statements":{"total":82,"covered":82,"skipped":0,"pct":100},"branches":{"total":19,"covered":18,"skipped":0,"pct":94.73}}
,"/home/by/repository/.aq-worktrees/208-test-80/src/pipeline/issue-orchestrator.ts": {"lines":{"total":156,"covered":0,"skipped":0,"pct":0},"functions":{"total":1,"covered":0,"skipped":0,"pct":0},"statements":{"total":156,"covered":0,"skipped":0,"pct":0},"branches":{"total":1,"covered":0,"skipped":0,"pct":0}}
,"/home/by/repository/.aq-worktrees/208-test-80/src/pipeline/orchestrator.ts": {"lines":{"total":153,"covered":149,"skipped":0,"pct":97.38},"functions":{"total":1,"covered":1,"skipped":0,"pct":100},"statements":{"total":153,"covered":149,"skipped":0,"pct":97.38},"branches":{"total":14,"covered":12,"skipped":0,"pct":85.71}}
,"/home/by/repository/.aq-worktrees/208-test-80/src/pipeline/phase-executor.ts": {"lines":{"total":143,"covered":133,"skipped":0,"pct":93},"functions":{"total":2,"covered":1,"skipped":0,"pct":50},"statements":{"total":143,"covered":133,"skipped":0,"pct":93},"branches":{"total":11,"covered":7,"skipped":0,"pct":63.63}}
,"/home/by/repository/.aq-worktrees/208-test-80/src/pipeline/phase-retry.ts": {"lines":{"total":185,"covered":185,"skipped":0,"pct":100},"functions":{"total":4,"covered":4,"skipped":0,"pct":100},"statements":{"total":185,"covered":185,"skipped":0,"pct":100},"branches":{"total":29,"covered":29,"skipped":0,"pct":100}}
,"/home/by/repository/.aq-worktrees/208-test-80/src/pipeline/phase-scheduler.ts": {"lines":{"total":258,"covered":251,"skipped":0,"pct":97.28},"functions":{"total":5,"covered":5,"skipped":0,"pct":100},"statements":{"total":258,"covered":251,"skipped":0,"pct":97.28},"branches":{"total":67,"covered":61,"skipped":0,"pct":91.04}}
,"/home/by/repository/.aq-worktrees/208-test-80/src/pipeline/pipeline-context.ts": {"lines":{"total":137,"covered":135,"skipped":0,"pct":98.54},"functions":{"total":4,"covered":4,"skipped":0,"pct":100},"statements":{"total":137,"covered":135,"skipped":0,"pct":98.54},"branches":{"total":24,"covered":20,"skipped":0,"pct":83.33}}
,"/home/by/repository/.aq-worktrees/208-test-80/src/pipeline/pipeline-error-handler.ts": {"lines":{"total":125,"covered":125,"skipped":0,"pct":100},"functions":{"total":1,"covered":1,"skipped":0,"pct":100},"statements":{"total":125,"covered":125,"skipped":0,"pct":100},"branches":{"total":19,"covered":16,"skipped":0,"pct":84.21}}
,"/home/by/repository/.aq-worktrees/208-test-80/src/pipeline/pipeline-git-setup.ts": {"lines":{"total":244,"covered":218,"skipped":0,"pct":89.34},"functions":{"total":3,"covered":3,"skipped":0,"pct":100},"statements":{"total":244,"covered":218,"skipped":0,"pct":89.34},"branches":{"total":28,"covered":25,"skipped":0,"pct":89.28}}
,"/home/by/repository/.aq-worktrees/208-test-80/src/pipeline/pipeline-phases.ts": {"lines":{"total":480,"covered":436,"skipped":0,"pct":90.83},"functions":{"total":6,"covered":6,"skipped":0,"pct":100},"statements":{"total":480,"covered":436,"skipped":0,"pct":90.83},"branches":{"total":36,"covered":19,"skipped":0,"pct":52.77}}
,"/home/by/repository/.aq-worktrees/208-test-80/src/pipeline/pipeline-publish.ts": {"lines":{"total":355,"covered":347,"skipped":0,"pct":97.74},"functions":{"total":4,"covered":4,"skipped":0,"pct":100},"statements":{"total":355,"covered":347,"skipped":0,"pct":97.74},"branches":{"total":84,"covered":74,"skipped":0,"pct":88.09}}
,"/home/by/repository/.aq-worktrees/208-test-80/src/pipeline/pipeline-review.ts": {"lines":{"total":368,"covered":353,"skipped":0,"pct":95.92},"functions":{"total":10,"covered":10,"skipped":0,"pct":100},"statements":{"total":368,"covered":353,"skipped":0,"pct":95.92},"branches":{"total":88,"covered":76,"skipped":0,"pct":86.36}}
,"/home/by/repository/.aq-worktrees/208-test-80/src/pipeline/pipeline-setup.ts": {"lines":{"total":186,"covered":186,"skipped":0,"pct":100},"functions":{"total":5,"covered":5,"skipped":0,"pct":100},"statements":{"total":186,"covered":186,"skipped":0,"pct":100},"branches":{"total":25,"covered":25,"skipped":0,"pct":100}}
,"/home/by/repository/.aq-worktrees/208-test-80/src/pipeline/pipeline-validation.ts": {"lines":{"total":184,"covered":182,"skipped":0,"pct":98.91},"functions":{"total":8,"covered":8,"skipped":0,"pct":100},"statements":{"total":184,"covered":182,"skipped":0,"pct":98.91},"branches":{"total":36,"covered":32,"skipped":0,"pct":88.88}}
,"/home/by/repository/.aq-worktrees/208-test-80/src/pipeline/plan-generator.ts": {"lines":{"total":607,"covered":516,"skipped":0,"pct":85},"functions":{"total":18,"covered":15,"skipped":0,"pct":83.33},"statements":{"total":607,"covered":516,"skipped":0,"pct":85},"branches":{"total":113,"covered":83,"skipped":0,"pct":73.45}}
,"/home/by/repository/.aq-worktrees/208-test-80/src/pipeline/progress-tracker.ts": {"lines":{"total":73,"covered":55,"skipped":0,"pct":75.34},"functions":{"total":3,"covered":1,"skipped":0,"pct":33.33},"statements":{"total":73,"covered":55,"skipped":0,"pct":75.34},"branches":{"total":2,"covered":1,"skipped":0,"pct":50}}
,"/home/by/repository/.aq-worktrees/208-test-80/src/pipeline/result-reporter.ts": {"lines":{"total":85,"covered":85,"skipped":0,"pct":100},"functions":{"total":2,"covered":2,"skipped":0,"pct":100},"statements":{"total":85,"covered":85,"skipped":0,"pct":100},"branches":{"total":16,"covered":16,"skipped":0,"pct":100}}
,"/home/by/repository/.aq-worktrees/208-test-80/src/pipeline/retry-with-fix.ts": {"lines":{"total":180,"covered":178,"skipped":0,"pct":98.88},"functions":{"total":2,"covered":2,"skipped":0,"pct":100},"statements":{"total":180,"covered":178,"skipped":0,"pct":98.88},"branches":{"total":19,"covered":17,"skipped":0,"pct":89.47}}
,"/home/by/repository/.aq-worktrees/208-test-80/src/polling/issue-poller.ts": {"lines":{"total":263,"covered":241,"skipped":0,"pct":91.63},"functions":{"total":12,"covered":9,"skipped":0,"pct":75},"statements":{"total":263,"covered":241,"skipped":0,"pct":91.63},"branches":{"total":57,"covered":52,"skipped":0,"pct":91.22}}
,"/home/by/repository/.aq-worktrees/208-test-80/src/prompt/template-renderer.ts": {"lines":{"total":76,"covered":64,"skipped":0,"pct":84.21},"functions":{"total":3,"covered":3,"skipped":0,"pct":100},"statements":{"total":76,"covered":64,"skipped":0,"pct":84.21},"branches":{"total":23,"covered":19,"skipped":0,"pct":82.6}}
,"/home/by/repository/.aq-worktrees/208-test-80/src/queue/dependency-resolver.ts": {"lines":{"total":185,"covered":180,"skipped":0,"pct":97.29},"functions":{"total":5,"covered":5,"skipped":0,"pct":100},"statements":{"total":185,"covered":180,"skipped":0,"pct":97.29},"branches":{"total":46,"covered":43,"skipped":0,"pct":93.47}}
,"/home/by/repository/.aq-worktrees/208-test-80/src/queue/job-logger.ts": {"lines":{"total":34,"covered":34,"skipped":0,"pct":100},"functions":{"total":5,"covered":5,"skipped":0,"pct":100},"statements":{"total":34,"covered":34,"skipped":0,"pct":100},"branches":{"total":8,"covered":8,"skipped":0,"pct":100}}
,"/home/by/repository/.aq-worktrees/208-test-80/src/queue/job-queue.ts": {"lines":{"total":451,"covered":321,"skipped":0,"pct":71.17},"functions":{"total":14,"covered":10,"skipped":0,"pct":71.42},"statements":{"total":451,"covered":321,"skipped":0,"pct":71.17},"branches":{"total":65,"covered":52,"skipped":0,"pct":80}}
,"/home/by/repository/.aq-worktrees/208-test-80/src/queue/job-store.ts": {"lines":{"total":347,"covered":286,"skipped":0,"pct":82.42},"functions":{"total":22,"covered":19,"skipped":0,"pct":86.36},"statements":{"total":347,"covered":286,"skipped":0,"pct":82.42},"branches":{"total":75,"covered":66,"skipped":0,"pct":88}}
,"/home/by/repository/.aq-worktrees/208-test-80/src/review/analyst-runner.ts": {"lines":{"total":230,"covered":220,"skipped":0,"pct":95.65},"functions":{"total":8,"covered":8,"skipped":0,"pct":100},"statements":{"total":230,"covered":220,"skipped":0,"pct":95.65},"branches":{"total":39,"covered":29,"skipped":0,"pct":74.35}}
,"/home/by/repository/.aq-worktrees/208-test-80/src/review/diff-splitter.ts": {"lines":{"total":188,"covered":188,"skipped":0,"pct":100},"functions":{"total":5,"covered":5,"skipped":0,"pct":100},"statements":{"total":188,"covered":188,"skipped":0,"pct":100},"branches":{"total":30,"covered":30,"skipped":0,"pct":100}}
,"/home/by/repository/.aq-worktrees/208-test-80/src/review/finding-formatter.ts": {"lines":{"total":61,"covered":61,"skipped":0,"pct":100},"functions":{"total":4,"covered":4,"skipped":0,"pct":100},"statements":{"total":61,"covered":61,"skipped":0,"pct":100},"branches":{"total":16,"covered":16,"skipped":0,"pct":100}}
,"/home/by/repository/.aq-worktrees/208-test-80/src/review/result-merger.ts": {"lines":{"total":111,"covered":111,"skipped":0,"pct":100},"functions":{"total":3,"covered":3,"skipped":0,"pct":100},"statements":{"total":111,"covered":111,"skipped":0,"pct":100},"branches":{"total":28,"covered":28,"skipped":0,"pct":100}}
,"/home/by/repository/.aq-worktrees/208-test-80/src/review/review-orchestrator.ts": {"lines":{"total":213,"covered":206,"skipped":0,"pct":96.71},"functions":{"total":3,"covered":3,"skipped":0,"pct":100},"statements":{"total":213,"covered":206,"skipped":0,"pct":96.71},"branches":{"total":27,"covered":21,"skipped":0,"pct":77.77}}
,"/home/by/repository/.aq-worktrees/208-test-80/src/review/review-runner.ts": {"lines":{"total":70,"covered":70,"skipped":0,"pct":100},"functions":{"total":1,"covered":1,"skipped":0,"pct":100},"statements":{"total":70,"covered":70,"skipped":0,"pct":100},"branches":{"total":9,"covered":6,"skipped":0,"pct":66.66}}
,"/home/by/repository/.aq-worktrees/208-test-80/src/review/simplify-runner.ts": {"lines":{"total":106,"covered":106,"skipped":0,"pct":100},"functions":{"total":1,"covered":1,"skipped":0,"pct":100},"statements":{"total":106,"covered":106,"skipped":0,"pct":100},"branches":{"total":9,"covered":9,"skipped":0,"pct":100}}
,"/home/by/repository/.aq-worktrees/208-test-80/src/review/token-estimator.ts": {"lines":{"total":112,"covered":110,"skipped":0,"pct":98.21},"functions":{"total":5,"covered":5,"skipped":0,"pct":100},"statements":{"total":112,"covered":110,"skipped":0,"pct":98.21},"branches":{"total":16,"covered":15,"skipped":0,"pct":93.75}}
,"/home/by/repository/.aq-worktrees/208-test-80/src/safety/base-branch-guard.ts": {"lines":{"total":25,"covered":25,"skipped":0,"pct":100},"functions":{"total":1,"covered":1,"skipped":0,"pct":100},"statements":{"total":25,"covered":25,"skipped":0,"pct":100},"branches":{"total":4,"covered":4,"skipped":0,"pct":100}}
,"/home/by/repository/.aq-worktrees/208-test-80/src/safety/change-limit-guard.ts": {"lines":{"total":41,"covered":41,"skipped":0,"pct":100},"functions":{"total":1,"covered":1,"skipped":0,"pct":100},"statements":{"total":41,"covered":41,"skipped":0,"pct":100},"branches":{"total":5,"covered":5,"skipped":0,"pct":100}}
,"/home/by/repository/.aq-worktrees/208-test-80/src/safety/label-filter.ts": {"lines":{"total":13,"covered":13,"skipped":0,"pct":100},"functions":{"total":1,"covered":1,"skipped":0,"pct":100},"statements":{"total":13,"covered":13,"skipped":0,"pct":100},"branches":{"total":4,"covered":4,"skipped":0,"pct":100}}
,"/home/by/repository/.aq-worktrees/208-test-80/src/safety/phase-limit-guard.ts": {"lines":{"total":17,"covered":17,"skipped":0,"pct":100},"functions":{"total":1,"covered":1,"skipped":0,"pct":100},"statements":{"total":17,"covered":17,"skipped":0,"pct":100},"branches":{"total":2,"covered":2,"skipped":0,"pct":100}}
,"/home/by/repository/.aq-worktrees/208-test-80/src/safety/rollback-manager.ts": {"lines":{"total":55,"covered":55,"skipped":0,"pct":100},"functions":{"total":2,"covered":2,"skipped":0,"pct":100},"statements":{"total":55,"covered":55,"skipped":0,"pct":100},"branches":{"total":5,"covered":5,"skipped":0,"pct":100}}
,"/home/by/repository/.aq-worktrees/208-test-80/src/safety/safety-checker.ts": {"lines":{"total":86,"covered":86,"skipped":0,"pct":100},"functions":{"total":3,"covered":3,"skipped":0,"pct":100},"statements":{"total":86,"covered":86,"skipped":0,"pct":100},"branches":{"total":8,"covered":8,"skipped":0,"pct":100}}
,"/home/by/repository/.aq-worktrees/208-test-80/src/safety/sensitive-path-guard.ts": {"lines":{"total":29,"covered":29,"skipped":0,"pct":100},"functions":{"total":1,"covered":1,"skipped":0,"pct":100},"statements":{"total":29,"covered":29,"skipped":0,"pct":100},"branches":{"total":5,"covered":5,"skipped":0,"pct":100}}
,"/home/by/repository/.aq-worktrees/208-test-80/src/safety/stop-condition-watcher.ts": {"lines":{"total":21,"covered":21,"skipped":0,"pct":100},"functions":{"total":1,"covered":1,"skipped":0,"pct":100},"statements":{"total":21,"covered":21,"skipped":0,"pct":100},"branches":{"total":4,"covered":4,"skipped":0,"pct":100}}
,"/home/by/repository/.aq-worktrees/208-test-80/src/safety/timeout-manager.ts": {"lines":{"total":60,"covered":60,"skipped":0,"pct":100},"functions":{"total":7,"covered":7,"skipped":0,"pct":100},"statements":{"total":60,"covered":60,"skipped":0,"pct":100},"branches":{"total":12,"covered":12,"skipped":0,"pct":100}}
,"/home/by/repository/.aq-worktrees/208-test-80/src/server/dashboard-api.ts": {"lines":{"total":558,"covered":344,"skipped":0,"pct":61.64},"functions":{"total":11,"covered":6,"skipped":0,"pct":54.54},"statements":{"total":558,"covered":344,"skipped":0,"pct":61.64},"branches":{"total":95,"covered":75,"skipped":0,"pct":78.94}}
,"/home/by/repository/.aq-worktrees/208-test-80/src/server/event-dispatcher.ts": {"lines":{"total":108,"covered":87,"skipped":0,"pct":80.55},"functions":{"total":1,"covered":1,"skipped":0,"pct":100},"statements":{"total":108,"covered":87,"skipped":0,"pct":80.55},"branches":{"total":19,"covered":13,"skipped":0,"pct":68.42}}
,"/home/by/repository/.aq-worktrees/208-test-80/src/server/health.ts": {"lines":{"total":23,"covered":23,"skipped":0,"pct":100},"functions":{"total":1,"covered":1,"skipped":0,"pct":100},"statements":{"total":23,"covered":23,"skipped":0,"pct":100},"branches":{"total":2,"covered":2,"skipped":0,"pct":100}}
,"/home/by/repository/.aq-worktrees/208-test-80/src/server/pid-manager.ts": {"lines":{"total":97,"covered":85,"skipped":0,"pct":87.62},"functions":{"total":6,"covered":6,"skipped":0,"pct":100},"statements":{"total":97,"covered":85,"skipped":0,"pct":87.62},"branches":{"total":28,"covered":21,"skipped":0,"pct":75}}
,"/home/by/repository/.aq-worktrees/208-test-80/src/server/webhook-server.ts": {"lines":{"total":88,"covered":0,"skipped":0,"pct":0},"functions":{"total":1,"covered":0,"skipped":0,"pct":0},"statements":{"total":88,"covered":0,"skipped":0,"pct":0},"branches":{"total":1,"covered":0,"skipped":0,"pct":0}}
,"/home/by/repository/.aq-worktrees/208-test-80/src/server/webhook-validator.ts": {"lines":{"total":20,"covered":20,"skipped":0,"pct":100},"functions":{"total":1,"covered":1,"skipped":0,"pct":100},"statements":{"total":20,"covered":20,"skipped":0,"pct":100},"branches":{"total":4,"covered":4,"skipped":0,"pct":100}}
,"/home/by/repository/.aq-worktrees/208-test-80/src/setup/doctor.ts": {"lines":{"total":318,"covered":256,"skipped":0,"pct":80.5},"functions":{"total":17,"covered":17,"skipped":0,"pct":100},"statements":{"total":318,"covered":256,"skipped":0,"pct":80.5},"branches":{"total":75,"covered":51,"skipped":0,"pct":68}}
,"/home/by/repository/.aq-worktrees/208-test-80/src/setup/init-command.ts": {"lines":{"total":151,"covered":151,"skipped":0,"pct":100},"functions":{"total":3,"covered":3,"skipped":0,"pct":100},"statements":{"total":151,"covered":151,"skipped":0,"pct":100},"branches":{"total":39,"covered":37,"skipped":0,"pct":94.87}}
,"/home/by/repository/.aq-worktrees/208-test-80/src/setup/prompt-utils.ts": {"lines":{"total":98,"covered":98,"skipped":0,"pct":100},"functions":{"total":9,"covered":9,"skipped":0,"pct":100},"statements":{"total":98,"covered":98,"skipped":0,"pct":100},"branches":{"total":24,"covered":21,"skipped":0,"pct":87.5}}
,"/home/by/repository/.aq-worktrees/208-test-80/src/setup/setup-wizard.ts": {"lines":{"total":290,"covered":210,"skipped":0,"pct":72.41},"functions":{"total":4,"covered":3,"skipped":0,"pct":75},"statements":{"total":290,"covered":210,"skipped":0,"pct":72.41},"branches":{"total":47,"covered":41,"skipped":0,"pct":87.23}}
,"/home/by/repository/.aq-worktrees/208-test-80/src/setup/validators.ts": {"lines":{"total":196,"covered":187,"skipped":0,"pct":95.4},"functions":{"total":5,"covered":4,"skipped":0,"pct":80},"statements":{"total":196,"covered":187,"skipped":0,"pct":95.4},"branches":{"total":34,"covered":33,"skipped":0,"pct":97.05}}
,"/home/by/repository/.aq-worktrees/208-test-80/src/types/errors.ts": {"lines":{"total":34,"covered":34,"skipped":0,"pct":100},"functions":{"total":4,"covered":4,"skipped":0,"pct":100},"statements":{"total":34,"covered":34,"skipped":0,"pct":100},"branches":{"total":5,"covered":4,"skipped":0,"pct":80}}
,"/home/by/repository/.aq-worktrees/208-test-80/src/update/self-updater.ts": {"lines":{"total":166,"covered":166,"skipped":0,"pct":100},"functions":{"total":7,"covered":7,"skipped":0,"pct":100},"statements":{"total":166,"covered":166,"skipped":0,"pct":100},"branches":{"total":26,"covered":26,"skipped":0,"pct":100}}
,"/home/by/repository/.aq-worktrees/208-test-80/src/utils/cli-runner.ts": {"lines":{"total":78,"covered":19,"skipped":0,"pct":24.35},"functions":{"total":2,"covered":0,"skipped":0,"pct":0},"statements":{"total":78,"covered":19,"skipped":0,"pct":24.35},"branches":{"total":0,"covered":0,"skipped":0,"pct":100}}
,"/home/by/repository/.aq-worktrees/208-test-80/src/utils/config-masker.ts": {"lines":{"total":61,"covered":61,"skipped":0,"pct":100},"functions":{"total":3,"covered":3,"skipped":0,"pct":100},"statements":{"total":61,"covered":61,"skipped":0,"pct":100},"branches":{"total":17,"covered":17,"skipped":0,"pct":100}}
,"/home/by/repository/.aq-worktrees/208-test-80/src/utils/logger.ts": {"lines":{"total":51,"covered":47,"skipped":0,"pct":92.15},"functions":{"total":7,"covered":6,"skipped":0,"pct":85.71},"statements":{"total":51,"covered":47,"skipped":0,"pct":92.15},"branches":{"total":7,"covered":6,"skipped":0,"pct":85.71}}
,"/home/by/repository/.aq-worktrees/208-test-80/src/utils/slug.ts": {"lines":{"total":25,"covered":25,"skipped":0,"pct":100},"functions":{"total":2,"covered":2,"skipped":0,"pct":100},"statements":{"total":25,"covered":25,"skipped":0,"pct":100},"branches":{"total":3,"covered":2,"skipped":0,"pct":66.66}}
}
